[0.009s] Invoking command in '/home/fourfold/dev/inmind sessions/inmind-session-7/turtlebot-navigation/build/custom_interfaces': CMAKE_PREFIX_PATH=${CMAKE_PREFIX_PATH}:/home/fourfold/dev/inmind sessions/inmind-session-7/turtlebot-navigation/install/turtlebot_nav:/opt/ros/humble /usr/bin/cmake --build /home/fourfold/dev/inmind sessions/inmind-session-7/turtlebot-navigation/build/custom_interfaces -- -j16 -l16
[0.021s] [33mCMake Warning (dev) at CMakeLists.txt:28:
[0.021s]   Syntax Warning in cmake code at column 28
[0.021s] 
[0.021s]   Argument not separated from preceding token by whitespace.
[0.021s] This warning is for project developers.  Use -Wno-dev to suppress it.
[0.021s] [0m
[0.023s] -- Found ament_cmake: 1.3.9 (/opt/ros/humble/share/ament_cmake/cmake)
[0.096s] -- Found ament_lint_auto: 0.12.11 (/opt/ros/humble/share/ament_lint_auto/cmake)
[0.134s] -- Found rosidl_default_generators: 1.2.0 (/opt/ros/humble/share/rosidl_default_generators/cmake)
[0.135s] -- Using all available rosidl_typesupport_c: rosidl_typesupport_fastrtps_c;rosidl_typesupport_introspection_c
[0.136s] -- Found rosidl_adapter: 3.1.5 (/opt/ros/humble/share/rosidl_adapter/cmake)
[0.154s] -- Using all available rosidl_typesupport_cpp: rosidl_typesupport_fastrtps_cpp;rosidl_typesupport_introspection_cpp
[0.168s] [31mCMake Error at /opt/ros/humble/share/rosidl_cmake/cmake/rosidl_generate_interfaces.cmake:93 (message):
[0.168s]   rosidl_generate_interfaces() the passed file ',' doesn't exist relative to
[0.168s]   the CMAKE_CURRENT_SOURCE_DIR '/home/fourfold/dev/inmind
[0.168s]   sessions/inmind-session-7/turtlebot-navigation/src/custom_interfaces'
[0.168s] Call Stack (most recent call first):
[0.169s]   CMakeLists.txt:27 (rosidl_generate_interfaces)
[0.169s] 
[0.169s] [0m
[0.169s] -- Configuring incomplete, errors occurred!
[0.169s] See also "/home/fourfold/dev/inmind sessions/inmind-session-7/turtlebot-navigation/build/custom_interfaces/CMakeFiles/CMakeOutput.log".
[0.171s] gmake: *** [Makefile:747: cmake_check_build_system] Error 1
[0.173s] Invoked command in '/home/fourfold/dev/inmind sessions/inmind-session-7/turtlebot-navigation/build/custom_interfaces' returned '2': CMAKE_PREFIX_PATH=${CMAKE_PREFIX_PATH}:/home/fourfold/dev/inmind sessions/inmind-session-7/turtlebot-navigation/install/turtlebot_nav:/opt/ros/humble /usr/bin/cmake --build /home/fourfold/dev/inmind sessions/inmind-session-7/turtlebot-navigation/build/custom_interfaces -- -j16 -l16
