running egg_info
creating ../../build/turtlebot_nav/turtlebot_nav.egg-info
writing ../../build/turtlebot_nav/turtlebot_nav.egg-info/PKG-INFO
writing dependency_links to ../../build/turtlebot_nav/turtlebot_nav.egg-info/dependency_links.txt
writing entry points to ../../build/turtlebot_nav/turtlebot_nav.egg-info/entry_points.txt
writing requirements to ../../build/turtlebot_nav/turtlebot_nav.egg-info/requires.txt
writing top-level names to ../../build/turtlebot_nav/turtlebot_nav.egg-info/top_level.txt
writing manifest file '../../build/turtlebot_nav/turtlebot_nav.egg-info/SOURCES.txt'
reading manifest file '../../build/turtlebot_nav/turtlebot_nav.egg-info/SOURCES.txt'
writing manifest file '../../build/turtlebot_nav/turtlebot_nav.egg-info/SOURCES.txt'
running build
running build_py
creating /home/fourfold/dev/inmind sessions/inmind-session-7/turtlebot-navigation/build/turtlebot_nav/build
creating /home/fourfold/dev/inmind sessions/inmind-session-7/turtlebot-navigation/build/turtlebot_nav/build/lib
creating /home/fourfold/dev/inmind sessions/inmind-session-7/turtlebot-navigation/build/turtlebot_nav/build/lib/turtlebot_nav
copying turtlebot_nav/navigator.py -> /home/fourfold/dev/inmind sessions/inmind-session-7/turtlebot-navigation/build/turtlebot_nav/build/lib/turtlebot_nav
copying turtlebot_nav/__init__.py -> /home/fourfold/dev/inmind sessions/inmind-session-7/turtlebot-navigation/build/turtlebot_nav/build/lib/turtlebot_nav
running install
running install_lib
creating /home/fourfold/dev/inmind sessions/inmind-session-7/turtlebot-navigation/install/turtlebot_nav/lib/python3.10/site-packages/turtlebot_nav
copying /home/fourfold/dev/inmind sessions/inmind-session-7/turtlebot-navigation/build/turtlebot_nav/build/lib/turtlebot_nav/navigator.py -> /home/fourfold/dev/inmind sessions/inmind-session-7/turtlebot-navigation/install/turtlebot_nav/lib/python3.10/site-packages/turtlebot_nav
copying /home/fourfold/dev/inmind sessions/inmind-session-7/turtlebot-navigation/build/turtlebot_nav/build/lib/turtlebot_nav/__init__.py -> /home/fourfold/dev/inmind sessions/inmind-session-7/turtlebot-navigation/install/turtlebot_nav/lib/python3.10/site-packages/turtlebot_nav
byte-compiling /home/fourfold/dev/inmind sessions/inmind-session-7/turtlebot-navigation/install/turtlebot_nav/lib/python3.10/site-packages/turtlebot_nav/navigator.py to navigator.cpython-310.pyc
byte-compiling /home/fourfold/dev/inmind sessions/inmind-session-7/turtlebot-navigation/install/turtlebot_nav/lib/python3.10/site-packages/turtlebot_nav/__init__.py to __init__.cpython-310.pyc
running install_data
creating /home/fourfold/dev/inmind sessions/inmind-session-7/turtlebot-navigation/install/turtlebot_nav/share/ament_index
creating /home/fourfold/dev/inmind sessions/inmind-session-7/turtlebot-navigation/install/turtlebot_nav/share/ament_index/resource_index
creating /home/fourfold/dev/inmind sessions/inmind-session-7/turtlebot-navigation/install/turtlebot_nav/share/ament_index/resource_index/packages
copying resource/turtlebot_nav -> /home/fourfold/dev/inmind sessions/inmind-session-7/turtlebot-navigation/install/turtlebot_nav/share/ament_index/resource_index/packages
copying package.xml -> /home/fourfold/dev/inmind sessions/inmind-session-7/turtlebot-navigation/install/turtlebot_nav/share/turtlebot_nav
running install_egg_info
Copying ../../build/turtlebot_nav/turtlebot_nav.egg-info to /home/fourfold/dev/inmind sessions/inmind-session-7/turtlebot-navigation/install/turtlebot_nav/lib/python3.10/site-packages/turtlebot_nav-0.0.0-py3.10.egg-info
running install_scripts
Installing navigator_node script to /home/fourfold/dev/inmind sessions/inmind-session-7/turtlebot-navigation/install/turtlebot_nav/lib/turtlebot_nav
writing list of installed files to '/home/fourfold/dev/inmind sessions/inmind-session-7/turtlebot-navigation/build/turtlebot_nav/install.log'
