[0.318s] Invoking command in '/home/fourfold/dev/inmind sessions/inmind-session-7/turtlebot-navigation/src/turtlebot_nav': PYTHONPATH=/home/fourfold/dev/inmind sessions/inmind-session-7/turtlebot-navigation/build/turtlebot_nav/prefix_override:/usr/lib/python3/dist-packages/colcon_core/task/python/colcon_distutils_commands:/home/fourfold/dev/inmind sessions/inmind-session-7/turtlebot-navigation/install/turtlebot_nav/lib/python3.10/site-packages:${PYTHONPATH} /usr/bin/python3 -W ignore:setup.py install is deprecated setup.py egg_info --egg-base ../../build/turtlebot_nav build --build-base /home/fourfold/dev/inmind sessions/inmind-session-7/turtlebot-navigation/build/turtlebot_nav/build install --record /home/fourfold/dev/inmind sessions/inmind-session-7/turtlebot-navigation/build/turtlebot_nav/install.log --single-version-externally-managed install_data
[0.438s] running egg_info
[0.439s] writing ../../build/turtlebot_nav/turtlebot_nav.egg-info/PKG-INFO
[0.439s] writing dependency_links to ../../build/turtlebot_nav/turtlebot_nav.egg-info/dependency_links.txt
[0.439s] writing entry points to ../../build/turtlebot_nav/turtlebot_nav.egg-info/entry_points.txt
[0.439s] writing requirements to ../../build/turtlebot_nav/turtlebot_nav.egg-info/requires.txt
[0.439s] writing top-level names to ../../build/turtlebot_nav/turtlebot_nav.egg-info/top_level.txt
[0.440s] reading manifest file '../../build/turtlebot_nav/turtlebot_nav.egg-info/SOURCES.txt'
[0.440s] writing manifest file '../../build/turtlebot_nav/turtlebot_nav.egg-info/SOURCES.txt'
[0.440s] running build
[0.440s] running build_py
[0.440s] copying turtlebot_nav/closest_wall_server.py -> /home/fourfold/dev/inmind sessions/inmind-session-7/turtlebot-navigation/build/turtlebot_nav/build/lib/turtlebot_nav
[0.440s] running install
[0.441s] running install_lib
[0.441s] copying /home/fourfold/dev/inmind sessions/inmind-session-7/turtlebot-navigation/build/turtlebot_nav/build/lib/turtlebot_nav/closest_wall_server.py -> /home/fourfold/dev/inmind sessions/inmind-session-7/turtlebot-navigation/install/turtlebot_nav/lib/python3.10/site-packages/turtlebot_nav
[0.441s] byte-compiling /home/fourfold/dev/inmind sessions/inmind-session-7/turtlebot-navigation/install/turtlebot_nav/lib/python3.10/site-packages/turtlebot_nav/closest_wall_server.py to closest_wall_server.cpython-310.pyc
[0.442s] running install_data
[0.442s] creating /home/fourfold/dev/inmind sessions/inmind-session-7/turtlebot-navigation/install/turtlebot_nav/share/turtlebot_nav/launch
[0.442s] running install_egg_info
[0.443s] removing '/home/fourfold/dev/inmind sessions/inmind-session-7/turtlebot-navigation/install/turtlebot_nav/lib/python3.10/site-packages/turtlebot_nav-0.0.0-py3.10.egg-info' (and everything under it)
[0.443s] Copying ../../build/turtlebot_nav/turtlebot_nav.egg-info to /home/fourfold/dev/inmind sessions/inmind-session-7/turtlebot-navigation/install/turtlebot_nav/lib/python3.10/site-packages/turtlebot_nav-0.0.0-py3.10.egg-info
[0.443s] running install_scripts
[0.455s] Installing find_closest_wall_server script to /home/fourfold/dev/inmind sessions/inmind-session-7/turtlebot-navigation/install/turtlebot_nav/lib/turtlebot_nav
[0.455s] Installing navigator_node script to /home/fourfold/dev/inmind sessions/inmind-session-7/turtlebot-navigation/install/turtlebot_nav/lib/turtlebot_nav
[0.456s] writing list of installed files to '/home/fourfold/dev/inmind sessions/inmind-session-7/turtlebot-navigation/build/turtlebot_nav/install.log'
[0.468s] Invoked command in '/home/fourfold/dev/inmind sessions/inmind-session-7/turtlebot-navigation/src/turtlebot_nav' returned '0': PYTHONPATH=/home/fourfold/dev/inmind sessions/inmind-session-7/turtlebot-navigation/build/turtlebot_nav/prefix_override:/usr/lib/python3/dist-packages/colcon_core/task/python/colcon_distutils_commands:/home/fourfold/dev/inmind sessions/inmind-session-7/turtlebot-navigation/install/turtlebot_nav/lib/python3.10/site-packages:${PYTHONPATH} /usr/bin/python3 -W ignore:setup.py install is deprecated setup.py egg_info --egg-base ../../build/turtlebot_nav build --build-base /home/fourfold/dev/inmind sessions/inmind-session-7/turtlebot-navigation/build/turtlebot_nav/build install --record /home/fourfold/dev/inmind sessions/inmind-session-7/turtlebot-navigation/build/turtlebot_nav/install.log --single-version-externally-managed install_data
