[0.010s] Invoking command in '/home/fourfold/dev/inmind sessions/inmind-session-7/turtlebot-navigation/build/custom_interfaces': CMAKE_PREFIX_PATH=${CMAKE_PREFIX_PATH}:/home/fourfold/dev/inmind sessions/inmind-session-7/turtlebot-navigation/install/turtlebot_nav:/opt/ros/humble /usr/bin/cmake --build /home/fourfold/dev/inmind sessions/inmind-session-7/turtlebot-navigation/build/custom_interfaces -- -j16 -l16
[0.025s] -- Found ament_cmake: 1.3.9 (/opt/ros/humble/share/ament_cmake/cmake)
[0.100s] -- Found ament_lint_auto: 0.12.11 (/opt/ros/humble/share/ament_lint_auto/cmake)
[0.139s] -- Found rosidl_default_generators: 1.2.0 (/opt/ros/humble/share/rosidl_default_generators/cmake)
[0.140s] -- Using all available rosidl_typesupport_c: rosidl_typesupport_fastrtps_c;rosidl_typesupport_introspection_c
[0.141s] -- Found rosidl_adapter: 3.1.5 (/opt/ros/humble/share/rosidl_adapter/cmake)
[0.159s] -- Using all available rosidl_typesupport_cpp: rosidl_typesupport_fastrtps_cpp;rosidl_typesupport_introspection_cpp
[0.350s] -- Found ament_cmake_ros: 0.10.0 (/opt/ros/humble/share/ament_cmake_ros/cmake)
[0.463s] -- Using all available rosidl_typesupport_c: rosidl_typesupport_fastrtps_c;rosidl_typesupport_introspection_c
[0.605s] -- Using all available rosidl_typesupport_cpp: rosidl_typesupport_fastrtps_cpp;rosidl_typesupport_introspection_cpp
[0.618s] -- Found python_cmake_module: 0.10.0 (/opt/ros/humble/share/python_cmake_module/cmake)
[0.632s] -- Using PYTHON_EXECUTABLE: /usr/bin/python3
[0.632s] -- Using PYTHON_INCLUDE_DIRS: /usr/include/python3.10
[0.632s] -- Using PYTHON_LIBRARIES: /usr/lib/x86_64-linux-gnu/libpython3.10.so
[0.644s] -- Added test 'lint_cmake' to check CMake code style
[0.645s] -- Added test 'xmllint' to check XML markup files
[0.646s] -- Configuring done
[0.664s] -- Generating done
[0.665s] -- Build files have been written to: /home/fourfold/dev/inmind sessions/inmind-session-7/turtlebot-navigation/build/custom_interfaces
[0.681s] [  2%] [34m[1mGenerating C code for ROS interfaces[0m
[0.687s] [  5%] [34m[1mGenerating C++ code for ROS interfaces[0m
[0.692s] [  5%] Built target ament_cmake_python_copy_custom_interfaces
[0.825s] running egg_info
[0.825s] writing custom_interfaces.egg-info/PKG-INFO
[0.825s] writing dependency_links to custom_interfaces.egg-info/dependency_links.txt
[0.825s] writing top-level names to custom_interfaces.egg-info/top_level.txt
[0.826s] reading manifest file 'custom_interfaces.egg-info/SOURCES.txt'
[0.827s] writing manifest file 'custom_interfaces.egg-info/SOURCES.txt'
[0.843s] [  5%] Built target ament_cmake_python_build_custom_interfaces_egg
[0.946s] [35m[1mConsolidate compiler generated dependencies of target custom_interfaces__rosidl_generator_c[0m
[0.946s] [  5%] Built target custom_interfaces__cpp
[0.952s] [ 12%] [34m[1mGenerating C++ type support for eProsima Fast-RTPS[0m
[0.952s] [ 12%] [32mBuilding C object CMakeFiles/custom_interfaces__rosidl_generator_c.dir/rosidl_generator_c/custom_interfaces/action/detail/measure_lap_time__functions.c.o[0m
[0.952s] [ 15%] [34m[1mGenerating C++ type support dispatch for ROS interfaces[0m
[0.952s] [ 15%] [32mBuilding C object CMakeFiles/custom_interfaces__rosidl_generator_c.dir/rosidl_generator_c/custom_interfaces/srv/detail/find_closest_wall__functions.c.o[0m
[0.952s] [ 17%] [34m[1mGenerating C++ introspection for ROS interfaces[0m
[1.032s] [ 20%] [32m[1mLinking C shared library libcustom_interfaces__rosidl_generator_c.so[0m
[1.057s] [ 20%] Built target custom_interfaces__rosidl_generator_c
[1.064s] [ 25%] [34m[1mGenerating C type support for eProsima Fast-RTPS[0m
[1.064s] [ 25%] [34m[1mGenerating C introspection for ROS interfaces[0m
[1.064s] [ 28%] [34m[1mGenerating C type support dispatch for ROS interfaces[0m
[1.133s] [35m[1mConsolidate compiler generated dependencies of target custom_interfaces__rosidl_typesupport_cpp[0m
[1.142s] [ 30%] [32mBuilding CXX object CMakeFiles/custom_interfaces__rosidl_typesupport_cpp.dir/rosidl_typesupport_cpp/custom_interfaces/srv/find_closest_wall__type_support.cpp.o[0m
[1.143s] [ 33%] [32mBuilding CXX object CMakeFiles/custom_interfaces__rosidl_typesupport_cpp.dir/rosidl_typesupport_cpp/custom_interfaces/action/measure_lap_time__type_support.cpp.o[0m
[1.194s] [35m[1mConsolidate compiler generated dependencies of target custom_interfaces__rosidl_typesupport_introspection_cpp[0m
[1.203s] [ 35%] [32mBuilding CXX object CMakeFiles/custom_interfaces__rosidl_typesupport_introspection_cpp.dir/rosidl_typesupport_introspection_cpp/custom_interfaces/srv/detail/find_closest_wall__type_support.cpp.o[0m
[1.204s] [ 38%] [32mBuilding CXX object CMakeFiles/custom_interfaces__rosidl_typesupport_introspection_cpp.dir/rosidl_typesupport_introspection_cpp/custom_interfaces/action/detail/measure_lap_time__type_support.cpp.o[0m
[1.210s] [35m[1mConsolidate compiler generated dependencies of target custom_interfaces__rosidl_typesupport_fastrtps_cpp[0m
[1.219s] [ 41%] [32mBuilding CXX object CMakeFiles/custom_interfaces__rosidl_typesupport_fastrtps_cpp.dir/rosidl_typesupport_fastrtps_cpp/custom_interfaces/srv/detail/dds_fastrtps/find_closest_wall__type_support.cpp.o[0m
[1.219s] [ 43%] [32mBuilding CXX object CMakeFiles/custom_interfaces__rosidl_typesupport_fastrtps_cpp.dir/rosidl_typesupport_fastrtps_cpp/custom_interfaces/action/detail/dds_fastrtps/measure_lap_time__type_support.cpp.o[0m
[1.247s] [35m[1mConsolidate compiler generated dependencies of target custom_interfaces__rosidl_typesupport_c[0m
[1.255s] [ 46%] [32mBuilding CXX object CMakeFiles/custom_interfaces__rosidl_typesupport_c.dir/rosidl_typesupport_c/custom_interfaces/srv/find_closest_wall__type_support.cpp.o[0m
[1.257s] [ 48%] [32mBuilding CXX object CMakeFiles/custom_interfaces__rosidl_typesupport_c.dir/rosidl_typesupport_c/custom_interfaces/action/measure_lap_time__type_support.cpp.o[0m
[1.304s] [ 51%] [32m[1mLinking CXX shared library libcustom_interfaces__rosidl_typesupport_c.so[0m
[1.313s] [35m[1mConsolidate compiler generated dependencies of target custom_interfaces__rosidl_typesupport_introspection_c[0m
[1.321s] [ 53%] [32mBuilding C object CMakeFiles/custom_interfaces__rosidl_typesupport_introspection_c.dir/rosidl_typesupport_introspection_c/custom_interfaces/srv/detail/find_closest_wall__type_support.c.o[0m
[1.323s] [ 56%] [32mBuilding C object CMakeFiles/custom_interfaces__rosidl_typesupport_introspection_c.dir/rosidl_typesupport_introspection_c/custom_interfaces/action/detail/measure_lap_time__type_support.c.o[0m
[1.334s] [ 56%] Built target custom_interfaces__rosidl_typesupport_c
[1.351s] [35m[1mConsolidate compiler generated dependencies of target custom_interfaces__rosidl_typesupport_fastrtps_c[0m
[1.359s] [ 58%] [32mBuilding CXX object CMakeFiles/custom_interfaces__rosidl_typesupport_fastrtps_c.dir/rosidl_typesupport_fastrtps_c/custom_interfaces/srv/detail/find_closest_wall__type_support_c.cpp.o[0m
[1.360s] [ 61%] [32m[1mLinking C shared library libcustom_interfaces__rosidl_typesupport_introspection_c.so[0m
[1.361s] [ 64%] [32mBuilding CXX object CMakeFiles/custom_interfaces__rosidl_typesupport_fastrtps_c.dir/rosidl_typesupport_fastrtps_c/custom_interfaces/action/detail/measure_lap_time__type_support_c.cpp.o[0m
[1.381s] [ 64%] Built target custom_interfaces__rosidl_typesupport_introspection_c
[1.500s] [ 66%] [32m[1mLinking CXX shared library libcustom_interfaces__rosidl_typesupport_cpp.so[0m
[1.528s] [ 66%] Built target custom_interfaces__rosidl_typesupport_cpp
[1.566s] [ 69%] [32m[1mLinking CXX shared library libcustom_interfaces__rosidl_typesupport_fastrtps_cpp.so[0m
[1.598s] [ 71%] [32m[1mLinking CXX shared library libcustom_interfaces__rosidl_typesupport_fastrtps_c.so[0m
[1.611s] [ 71%] Built target custom_interfaces__rosidl_typesupport_fastrtps_cpp
[1.633s] [ 74%] [32m[1mLinking CXX shared library libcustom_interfaces__rosidl_typesupport_introspection_cpp.so[0m
[1.644s] [ 74%] Built target custom_interfaces__rosidl_typesupport_fastrtps_c
[1.678s] [ 74%] Built target custom_interfaces__rosidl_typesupport_introspection_cpp
[1.690s] [ 74%] Built target custom_interfaces
[1.702s] [ 76%] [34m[1mGenerating Python code for ROS interfaces[0m
[2.143s] [ 76%] Built target custom_interfaces__py
[2.150s] [35m[1mConsolidate compiler generated dependencies of target custom_interfaces__rosidl_generator_py[0m
[2.157s] [ 82%] [32mBuilding C object CMakeFiles/custom_interfaces__rosidl_generator_py.dir/rosidl_generator_py/custom_interfaces/srv/_find_closest_wall_s.c.o[0m
[2.157s] [ 82%] [32mBuilding C object CMakeFiles/custom_interfaces__rosidl_generator_py.dir/rosidl_generator_py/custom_interfaces/action/_measure_lap_time_s.c.o[0m
[2.232s] [ 84%] [32m[1mLinking C shared library rosidl_generator_py/custom_interfaces/libcustom_interfaces__rosidl_generator_py.so[0m
[2.258s] [ 84%] Built target custom_interfaces__rosidl_generator_py
[2.265s] [35m[1mConsolidate compiler generated dependencies of target custom_interfaces__rosidl_typesupport_c__pyext[0m
[2.265s] [35m[1mConsolidate compiler generated dependencies of target custom_interfaces__rosidl_typesupport_introspection_c__pyext[0m
[2.265s] [35m[1mConsolidate compiler generated dependencies of target custom_interfaces__rosidl_typesupport_fastrtps_c__pyext[0m
[2.272s] [ 89%] [32mBuilding C object CMakeFiles/custom_interfaces__rosidl_typesupport_introspection_c__pyext.dir/rosidl_generator_py/custom_interfaces/_custom_interfaces_s.ep.rosidl_typesupport_introspection_c.c.o[0m
[2.272s] [ 89%] [32mBuilding C object CMakeFiles/custom_interfaces__rosidl_typesupport_fastrtps_c__pyext.dir/rosidl_generator_py/custom_interfaces/_custom_interfaces_s.ep.rosidl_typesupport_fastrtps_c.c.o[0m
[2.272s] [ 92%] [32mBuilding C object CMakeFiles/custom_interfaces__rosidl_typesupport_c__pyext.dir/rosidl_generator_py/custom_interfaces/_custom_interfaces_s.ep.rosidl_typesupport_c.c.o[0m
[2.342s] [ 97%] [32m[1mLinking C shared library rosidl_generator_py/custom_interfaces/custom_interfaces_s__rosidl_typesupport_fastrtps_c.cpython-310-x86_64-linux-gnu.so[0m
[2.342s] [ 97%] [32m[1mLinking C shared library rosidl_generator_py/custom_interfaces/custom_interfaces_s__rosidl_typesupport_introspection_c.cpython-310-x86_64-linux-gnu.so[0m
[2.349s] [100%] [32m[1mLinking C shared library rosidl_generator_py/custom_interfaces/custom_interfaces_s__rosidl_typesupport_c.cpython-310-x86_64-linux-gnu.so[0m
[2.365s] [100%] Built target custom_interfaces__rosidl_typesupport_fastrtps_c__pyext
[2.365s] [100%] Built target custom_interfaces__rosidl_typesupport_introspection_c__pyext
[2.373s] [100%] Built target custom_interfaces__rosidl_typesupport_c__pyext
[2.380s] Invoked command in '/home/fourfold/dev/inmind sessions/inmind-session-7/turtlebot-navigation/build/custom_interfaces' returned '0': CMAKE_PREFIX_PATH=${CMAKE_PREFIX_PATH}:/home/fourfold/dev/inmind sessions/inmind-session-7/turtlebot-navigation/install/turtlebot_nav:/opt/ros/humble /usr/bin/cmake --build /home/fourfold/dev/inmind sessions/inmind-session-7/turtlebot-navigation/build/custom_interfaces -- -j16 -l16
[2.438s] Invoking command in '/home/fourfold/dev/inmind sessions/inmind-session-7/turtlebot-navigation/build/custom_interfaces': CMAKE_PREFIX_PATH=${CMAKE_PREFIX_PATH}:/home/fourfold/dev/inmind sessions/inmind-session-7/turtlebot-navigation/install/turtlebot_nav:/opt/ros/humble /usr/bin/cmake --install /home/fourfold/dev/inmind sessions/inmind-session-7/turtlebot-navigation/build/custom_interfaces
[2.443s] -- Install configuration: ""
[2.443s] -- Installing: /home/fourfold/dev/inmind sessions/inmind-session-7/turtlebot-navigation/install/custom_interfaces/share/ament_index/resource_index/rosidl_interfaces/custom_interfaces
[2.448s] -- Up-to-date: /home/fourfold/dev/inmind sessions/inmind-session-7/turtlebot-navigation/install/custom_interfaces/include/custom_interfaces/custom_interfaces
[2.448s] -- Up-to-date: /home/fourfold/dev/inmind sessions/inmind-session-7/turtlebot-navigation/install/custom_interfaces/include/custom_interfaces/custom_interfaces/msg
[2.448s] -- Up-to-date: /home/fourfold/dev/inmind sessions/inmind-session-7/turtlebot-navigation/install/custom_interfaces/include/custom_interfaces/custom_interfaces/msg/rosidl_generator_c__visibility_control.h
[2.448s] -- Installing: /home/fourfold/dev/inmind sessions/inmind-session-7/turtlebot-navigation/install/custom_interfaces/include/custom_interfaces/custom_interfaces/action
[2.448s] -- Installing: /home/fourfold/dev/inmind sessions/inmind-session-7/turtlebot-navigation/install/custom_interfaces/include/custom_interfaces/custom_interfaces/action/measure_lap_time.h
[2.448s] -- Installing: /home/fourfold/dev/inmind sessions/inmind-session-7/turtlebot-navigation/install/custom_interfaces/include/custom_interfaces/custom_interfaces/action/detail
[2.448s] -- Installing: /home/fourfold/dev/inmind sessions/inmind-session-7/turtlebot-navigation/install/custom_interfaces/include/custom_interfaces/custom_interfaces/action/detail/measure_lap_time__struct.h
[2.448s] -- Installing: /home/fourfold/dev/inmind sessions/inmind-session-7/turtlebot-navigation/install/custom_interfaces/include/custom_interfaces/custom_interfaces/action/detail/measure_lap_time__functions.c
[2.448s] -- Installing: /home/fourfold/dev/inmind sessions/inmind-session-7/turtlebot-navigation/install/custom_interfaces/include/custom_interfaces/custom_interfaces/action/detail/measure_lap_time__functions.h
[2.448s] -- Installing: /home/fourfold/dev/inmind sessions/inmind-session-7/turtlebot-navigation/install/custom_interfaces/include/custom_interfaces/custom_interfaces/action/detail/measure_lap_time__type_support.h
[2.448s] -- Up-to-date: /home/fourfold/dev/inmind sessions/inmind-session-7/turtlebot-navigation/install/custom_interfaces/include/custom_interfaces/custom_interfaces/srv
[2.448s] -- Up-to-date: /home/fourfold/dev/inmind sessions/inmind-session-7/turtlebot-navigation/install/custom_interfaces/include/custom_interfaces/custom_interfaces/srv/detail
[2.448s] -- Installing: /home/fourfold/dev/inmind sessions/inmind-session-7/turtlebot-navigation/install/custom_interfaces/include/custom_interfaces/custom_interfaces/srv/detail/find_closest_wall__struct.h
[2.448s] -- Installing: /home/fourfold/dev/inmind sessions/inmind-session-7/turtlebot-navigation/install/custom_interfaces/include/custom_interfaces/custom_interfaces/srv/detail/find_closest_wall__functions.h
[2.448s] -- Installing: /home/fourfold/dev/inmind sessions/inmind-session-7/turtlebot-navigation/install/custom_interfaces/include/custom_interfaces/custom_interfaces/srv/detail/find_closest_wall__functions.c
[2.448s] -- Installing: /home/fourfold/dev/inmind sessions/inmind-session-7/turtlebot-navigation/install/custom_interfaces/include/custom_interfaces/custom_interfaces/srv/detail/find_closest_wall__type_support.h
[2.448s] -- Installing: /home/fourfold/dev/inmind sessions/inmind-session-7/turtlebot-navigation/install/custom_interfaces/include/custom_interfaces/custom_interfaces/srv/find_closest_wall.h
[2.448s] -- Up-to-date: /home/fourfold/dev/inmind sessions/inmind-session-7/turtlebot-navigation/install/custom_interfaces/share/custom_interfaces/environment/library_path.sh
[2.448s] -- Installing: /home/fourfold/dev/inmind sessions/inmind-session-7/turtlebot-navigation/install/custom_interfaces/share/custom_interfaces/environment/library_path.dsv
[2.448s] -- Installing: /home/fourfold/dev/inmind sessions/inmind-session-7/turtlebot-navigation/install/custom_interfaces/lib/libcustom_interfaces__rosidl_generator_c.so
[2.448s] -- Set runtime path of "/home/fourfold/dev/inmind sessions/inmind-session-7/turtlebot-navigation/install/custom_interfaces/lib/libcustom_interfaces__rosidl_generator_c.so" to ""
[2.448s] -- Up-to-date: /home/fourfold/dev/inmind sessions/inmind-session-7/turtlebot-navigation/install/custom_interfaces/include/custom_interfaces/custom_interfaces
[2.448s] -- Up-to-date: /home/fourfold/dev/inmind sessions/inmind-session-7/turtlebot-navigation/install/custom_interfaces/include/custom_interfaces/custom_interfaces/msg
[2.448s] -- Up-to-date: /home/fourfold/dev/inmind sessions/inmind-session-7/turtlebot-navigation/install/custom_interfaces/include/custom_interfaces/custom_interfaces/msg/rosidl_typesupport_fastrtps_c__visibility_control.h
[2.448s] -- Up-to-date: /home/fourfold/dev/inmind sessions/inmind-session-7/turtlebot-navigation/install/custom_interfaces/include/custom_interfaces/custom_interfaces/action
[2.448s] -- Up-to-date: /home/fourfold/dev/inmind sessions/inmind-session-7/turtlebot-navigation/install/custom_interfaces/include/custom_interfaces/custom_interfaces/action/detail
[2.448s] -- Installing: /home/fourfold/dev/inmind sessions/inmind-session-7/turtlebot-navigation/install/custom_interfaces/include/custom_interfaces/custom_interfaces/action/detail/measure_lap_time__rosidl_typesupport_fastrtps_c.h
[2.448s] -- Up-to-date: /home/fourfold/dev/inmind sessions/inmind-session-7/turtlebot-navigation/install/custom_interfaces/include/custom_interfaces/custom_interfaces/srv
[2.448s] -- Up-to-date: /home/fourfold/dev/inmind sessions/inmind-session-7/turtlebot-navigation/install/custom_interfaces/include/custom_interfaces/custom_interfaces/srv/detail
[2.448s] -- Installing: /home/fourfold/dev/inmind sessions/inmind-session-7/turtlebot-navigation/install/custom_interfaces/include/custom_interfaces/custom_interfaces/srv/detail/find_closest_wall__rosidl_typesupport_fastrtps_c.h
[2.448s] -- Installing: /home/fourfold/dev/inmind sessions/inmind-session-7/turtlebot-navigation/install/custom_interfaces/lib/libcustom_interfaces__rosidl_typesupport_fastrtps_c.so
[2.448s] -- Set runtime path of "/home/fourfold/dev/inmind sessions/inmind-session-7/turtlebot-navigation/install/custom_interfaces/lib/libcustom_interfaces__rosidl_typesupport_fastrtps_c.so" to ""
[2.448s] -- Up-to-date: /home/fourfold/dev/inmind sessions/inmind-session-7/turtlebot-navigation/install/custom_interfaces/include/custom_interfaces/custom_interfaces
[2.448s] -- Up-to-date: /home/fourfold/dev/inmind sessions/inmind-session-7/turtlebot-navigation/install/custom_interfaces/include/custom_interfaces/custom_interfaces/msg
[2.449s] -- Up-to-date: /home/fourfold/dev/inmind sessions/inmind-session-7/turtlebot-navigation/install/custom_interfaces/include/custom_interfaces/custom_interfaces/msg/rosidl_typesupport_introspection_c__visibility_control.h
[2.449s] -- Up-to-date: /home/fourfold/dev/inmind sessions/inmind-session-7/turtlebot-navigation/install/custom_interfaces/include/custom_interfaces/custom_interfaces/action
[2.449s] -- Up-to-date: /home/fourfold/dev/inmind sessions/inmind-session-7/turtlebot-navigation/install/custom_interfaces/include/custom_interfaces/custom_interfaces/action/detail
[2.449s] -- Installing: /home/fourfold/dev/inmind sessions/inmind-session-7/turtlebot-navigation/install/custom_interfaces/include/custom_interfaces/custom_interfaces/action/detail/measure_lap_time__rosidl_typesupport_introspection_c.h
[2.449s] -- Installing: /home/fourfold/dev/inmind sessions/inmind-session-7/turtlebot-navigation/install/custom_interfaces/include/custom_interfaces/custom_interfaces/action/detail/measure_lap_time__type_support.c
[2.449s] -- Up-to-date: /home/fourfold/dev/inmind sessions/inmind-session-7/turtlebot-navigation/install/custom_interfaces/include/custom_interfaces/custom_interfaces/srv
[2.449s] -- Up-to-date: /home/fourfold/dev/inmind sessions/inmind-session-7/turtlebot-navigation/install/custom_interfaces/include/custom_interfaces/custom_interfaces/srv/detail
[2.449s] -- Installing: /home/fourfold/dev/inmind sessions/inmind-session-7/turtlebot-navigation/install/custom_interfaces/include/custom_interfaces/custom_interfaces/srv/detail/find_closest_wall__type_support.c
[2.449s] -- Installing: /home/fourfold/dev/inmind sessions/inmind-session-7/turtlebot-navigation/install/custom_interfaces/include/custom_interfaces/custom_interfaces/srv/detail/find_closest_wall__rosidl_typesupport_introspection_c.h
[2.449s] -- Installing: /home/fourfold/dev/inmind sessions/inmind-session-7/turtlebot-navigation/install/custom_interfaces/lib/libcustom_interfaces__rosidl_typesupport_introspection_c.so
[2.449s] -- Set runtime path of "/home/fourfold/dev/inmind sessions/inmind-session-7/turtlebot-navigation/install/custom_interfaces/lib/libcustom_interfaces__rosidl_typesupport_introspection_c.so" to ""
[2.449s] -- Installing: /home/fourfold/dev/inmind sessions/inmind-session-7/turtlebot-navigation/install/custom_interfaces/lib/libcustom_interfaces__rosidl_typesupport_c.so
[2.449s] -- Set runtime path of "/home/fourfold/dev/inmind sessions/inmind-session-7/turtlebot-navigation/install/custom_interfaces/lib/libcustom_interfaces__rosidl_typesupport_c.so" to ""
[2.449s] -- Up-to-date: /home/fourfold/dev/inmind sessions/inmind-session-7/turtlebot-navigation/install/custom_interfaces/include/custom_interfaces/custom_interfaces
[2.449s] -- Up-to-date: /home/fourfold/dev/inmind sessions/inmind-session-7/turtlebot-navigation/install/custom_interfaces/include/custom_interfaces/custom_interfaces/action
[2.449s] -- Up-to-date: /home/fourfold/dev/inmind sessions/inmind-session-7/turtlebot-navigation/install/custom_interfaces/include/custom_interfaces/custom_interfaces/action/detail
[2.449s] -- Installing: /home/fourfold/dev/inmind sessions/inmind-session-7/turtlebot-navigation/install/custom_interfaces/include/custom_interfaces/custom_interfaces/action/detail/measure_lap_time__builder.hpp
[2.449s] -- Installing: /home/fourfold/dev/inmind sessions/inmind-session-7/turtlebot-navigation/install/custom_interfaces/include/custom_interfaces/custom_interfaces/action/detail/measure_lap_time__struct.hpp
[2.449s] -- Installing: /home/fourfold/dev/inmind sessions/inmind-session-7/turtlebot-navigation/install/custom_interfaces/include/custom_interfaces/custom_interfaces/action/detail/measure_lap_time__traits.hpp
[2.449s] -- Installing: /home/fourfold/dev/inmind sessions/inmind-session-7/turtlebot-navigation/install/custom_interfaces/include/custom_interfaces/custom_interfaces/action/measure_lap_time.hpp
[2.449s] -- Up-to-date: /home/fourfold/dev/inmind sessions/inmind-session-7/turtlebot-navigation/install/custom_interfaces/include/custom_interfaces/custom_interfaces/srv
[2.449s] -- Installing: /home/fourfold/dev/inmind sessions/inmind-session-7/turtlebot-navigation/install/custom_interfaces/include/custom_interfaces/custom_interfaces/srv/find_closest_wall.hpp
[2.449s] -- Up-to-date: /home/fourfold/dev/inmind sessions/inmind-session-7/turtlebot-navigation/install/custom_interfaces/include/custom_interfaces/custom_interfaces/srv/detail
[2.449s] -- Installing: /home/fourfold/dev/inmind sessions/inmind-session-7/turtlebot-navigation/install/custom_interfaces/include/custom_interfaces/custom_interfaces/srv/detail/find_closest_wall__struct.hpp
[2.449s] -- Installing: /home/fourfold/dev/inmind sessions/inmind-session-7/turtlebot-navigation/install/custom_interfaces/include/custom_interfaces/custom_interfaces/srv/detail/find_closest_wall__builder.hpp
[2.449s] -- Installing: /home/fourfold/dev/inmind sessions/inmind-session-7/turtlebot-navigation/install/custom_interfaces/include/custom_interfaces/custom_interfaces/srv/detail/find_closest_wall__traits.hpp
[2.449s] -- Up-to-date: /home/fourfold/dev/inmind sessions/inmind-session-7/turtlebot-navigation/install/custom_interfaces/include/custom_interfaces/custom_interfaces
[2.449s] -- Up-to-date: /home/fourfold/dev/inmind sessions/inmind-session-7/turtlebot-navigation/install/custom_interfaces/include/custom_interfaces/custom_interfaces/msg
[2.449s] -- Up-to-date: /home/fourfold/dev/inmind sessions/inmind-session-7/turtlebot-navigation/install/custom_interfaces/include/custom_interfaces/custom_interfaces/msg/rosidl_typesupport_fastrtps_cpp__visibility_control.h
[2.449s] -- Up-to-date: /home/fourfold/dev/inmind sessions/inmind-session-7/turtlebot-navigation/install/custom_interfaces/include/custom_interfaces/custom_interfaces/action
[2.449s] -- Up-to-date: /home/fourfold/dev/inmind sessions/inmind-session-7/turtlebot-navigation/install/custom_interfaces/include/custom_interfaces/custom_interfaces/action/detail
[2.449s] -- Installing: /home/fourfold/dev/inmind sessions/inmind-session-7/turtlebot-navigation/install/custom_interfaces/include/custom_interfaces/custom_interfaces/action/detail/dds_fastrtps
[2.449s] -- Installing: /home/fourfold/dev/inmind sessions/inmind-session-7/turtlebot-navigation/install/custom_interfaces/include/custom_interfaces/custom_interfaces/action/detail/measure_lap_time__rosidl_typesupport_fastrtps_cpp.hpp
[2.449s] -- Up-to-date: /home/fourfold/dev/inmind sessions/inmind-session-7/turtlebot-navigation/install/custom_interfaces/include/custom_interfaces/custom_interfaces/srv
[2.449s] -- Up-to-date: /home/fourfold/dev/inmind sessions/inmind-session-7/turtlebot-navigation/install/custom_interfaces/include/custom_interfaces/custom_interfaces/srv/detail
[2.449s] -- Installing: /home/fourfold/dev/inmind sessions/inmind-session-7/turtlebot-navigation/install/custom_interfaces/include/custom_interfaces/custom_interfaces/srv/detail/find_closest_wall__rosidl_typesupport_fastrtps_cpp.hpp
[2.449s] -- Up-to-date: /home/fourfold/dev/inmind sessions/inmind-session-7/turtlebot-navigation/install/custom_interfaces/include/custom_interfaces/custom_interfaces/srv/detail/dds_fastrtps
[2.449s] -- Installing: /home/fourfold/dev/inmind sessions/inmind-session-7/turtlebot-navigation/install/custom_interfaces/lib/libcustom_interfaces__rosidl_typesupport_fastrtps_cpp.so
[2.449s] -- Set runtime path of "/home/fourfold/dev/inmind sessions/inmind-session-7/turtlebot-navigation/install/custom_interfaces/lib/libcustom_interfaces__rosidl_typesupport_fastrtps_cpp.so" to ""
[2.449s] -- Up-to-date: /home/fourfold/dev/inmind sessions/inmind-session-7/turtlebot-navigation/install/custom_interfaces/include/custom_interfaces/custom_interfaces
[2.450s] -- Up-to-date: /home/fourfold/dev/inmind sessions/inmind-session-7/turtlebot-navigation/install/custom_interfaces/include/custom_interfaces/custom_interfaces/action
[2.450s] -- Up-to-date: /home/fourfold/dev/inmind sessions/inmind-session-7/turtlebot-navigation/install/custom_interfaces/include/custom_interfaces/custom_interfaces/action/detail
[2.450s] -- Installing: /home/fourfold/dev/inmind sessions/inmind-session-7/turtlebot-navigation/install/custom_interfaces/include/custom_interfaces/custom_interfaces/action/detail/measure_lap_time__rosidl_typesupport_introspection_cpp.hpp
[2.450s] -- Installing: /home/fourfold/dev/inmind sessions/inmind-session-7/turtlebot-navigation/install/custom_interfaces/include/custom_interfaces/custom_interfaces/action/detail/measure_lap_time__type_support.cpp
[2.450s] -- Up-to-date: /home/fourfold/dev/inmind sessions/inmind-session-7/turtlebot-navigation/install/custom_interfaces/include/custom_interfaces/custom_interfaces/srv
[2.450s] -- Up-to-date: /home/fourfold/dev/inmind sessions/inmind-session-7/turtlebot-navigation/install/custom_interfaces/include/custom_interfaces/custom_interfaces/srv/detail
[2.450s] -- Installing: /home/fourfold/dev/inmind sessions/inmind-session-7/turtlebot-navigation/install/custom_interfaces/include/custom_interfaces/custom_interfaces/srv/detail/find_closest_wall__rosidl_typesupport_introspection_cpp.hpp
[2.450s] -- Installing: /home/fourfold/dev/inmind sessions/inmind-session-7/turtlebot-navigation/install/custom_interfaces/include/custom_interfaces/custom_interfaces/srv/detail/find_closest_wall__type_support.cpp
[2.450s] -- Installing: /home/fourfold/dev/inmind sessions/inmind-session-7/turtlebot-navigation/install/custom_interfaces/lib/libcustom_interfaces__rosidl_typesupport_introspection_cpp.so
[2.450s] -- Set runtime path of "/home/fourfold/dev/inmind sessions/inmind-session-7/turtlebot-navigation/install/custom_interfaces/lib/libcustom_interfaces__rosidl_typesupport_introspection_cpp.so" to ""
[2.450s] -- Installing: /home/fourfold/dev/inmind sessions/inmind-session-7/turtlebot-navigation/install/custom_interfaces/lib/libcustom_interfaces__rosidl_typesupport_cpp.so
[2.450s] -- Set runtime path of "/home/fourfold/dev/inmind sessions/inmind-session-7/turtlebot-navigation/install/custom_interfaces/lib/libcustom_interfaces__rosidl_typesupport_cpp.so" to ""
[2.450s] -- Up-to-date: /home/fourfold/dev/inmind sessions/inmind-session-7/turtlebot-navigation/install/custom_interfaces/share/custom_interfaces/environment/pythonpath.sh
[2.450s] -- Installing: /home/fourfold/dev/inmind sessions/inmind-session-7/turtlebot-navigation/install/custom_interfaces/share/custom_interfaces/environment/pythonpath.dsv
[2.450s] -- Up-to-date: /home/fourfold/dev/inmind sessions/inmind-session-7/turtlebot-navigation/install/custom_interfaces/local/lib/python3.10/dist-packages/custom_interfaces-0.0.0-py3.10.egg-info
[2.450s] -- Installing: /home/fourfold/dev/inmind sessions/inmind-session-7/turtlebot-navigation/install/custom_interfaces/local/lib/python3.10/dist-packages/custom_interfaces-0.0.0-py3.10.egg-info/SOURCES.txt
[2.450s] -- Installing: /home/fourfold/dev/inmind sessions/inmind-session-7/turtlebot-navigation/install/custom_interfaces/local/lib/python3.10/dist-packages/custom_interfaces-0.0.0-py3.10.egg-info/top_level.txt
[2.450s] -- Installing: /home/fourfold/dev/inmind sessions/inmind-session-7/turtlebot-navigation/install/custom_interfaces/local/lib/python3.10/dist-packages/custom_interfaces-0.0.0-py3.10.egg-info/PKG-INFO
[2.450s] -- Installing: /home/fourfold/dev/inmind sessions/inmind-session-7/turtlebot-navigation/install/custom_interfaces/local/lib/python3.10/dist-packages/custom_interfaces-0.0.0-py3.10.egg-info/dependency_links.txt
[2.450s] -- Up-to-date: /home/fourfold/dev/inmind sessions/inmind-session-7/turtlebot-navigation/install/custom_interfaces/local/lib/python3.10/dist-packages/custom_interfaces
[2.450s] -- Installing: /home/fourfold/dev/inmind sessions/inmind-session-7/turtlebot-navigation/install/custom_interfaces/local/lib/python3.10/dist-packages/custom_interfaces/_custom_interfaces_s.ep.rosidl_typesupport_c.c
[2.450s] -- Installing: /home/fourfold/dev/inmind sessions/inmind-session-7/turtlebot-navigation/install/custom_interfaces/local/lib/python3.10/dist-packages/custom_interfaces/custom_interfaces_s__rosidl_typesupport_c.cpython-310-x86_64-linux-gnu.so
[2.450s] -- Installing: /home/fourfold/dev/inmind sessions/inmind-session-7/turtlebot-navigation/install/custom_interfaces/local/lib/python3.10/dist-packages/custom_interfaces/custom_interfaces_s__rosidl_typesupport_introspection_c.cpython-310-x86_64-linux-gnu.so
[2.450s] -- Installing: /home/fourfold/dev/inmind sessions/inmind-session-7/turtlebot-navigation/install/custom_interfaces/local/lib/python3.10/dist-packages/custom_interfaces/_custom_interfaces_s.ep.rosidl_typesupport_fastrtps_c.c
[2.450s] -- Installing: /home/fourfold/dev/inmind sessions/inmind-session-7/turtlebot-navigation/install/custom_interfaces/local/lib/python3.10/dist-packages/custom_interfaces/custom_interfaces_s__rosidl_typesupport_fastrtps_c.cpython-310-x86_64-linux-gnu.so
[2.450s] -- Installing: /home/fourfold/dev/inmind sessions/inmind-session-7/turtlebot-navigation/install/custom_interfaces/local/lib/python3.10/dist-packages/custom_interfaces/action
[2.450s] -- Installing: /home/fourfold/dev/inmind sessions/inmind-session-7/turtlebot-navigation/install/custom_interfaces/local/lib/python3.10/dist-packages/custom_interfaces/action/_measure_lap_time_s.c
[2.450s] -- Installing: /home/fourfold/dev/inmind sessions/inmind-session-7/turtlebot-navigation/install/custom_interfaces/local/lib/python3.10/dist-packages/custom_interfaces/action/_measure_lap_time.py
[2.450s] -- Installing: /home/fourfold/dev/inmind sessions/inmind-session-7/turtlebot-navigation/install/custom_interfaces/local/lib/python3.10/dist-packages/custom_interfaces/action/__init__.py
[2.450s] -- Installing: /home/fourfold/dev/inmind sessions/inmind-session-7/turtlebot-navigation/install/custom_interfaces/local/lib/python3.10/dist-packages/custom_interfaces/libcustom_interfaces__rosidl_generator_py.so
[2.450s] -- Up-to-date: /home/fourfold/dev/inmind sessions/inmind-session-7/turtlebot-navigation/install/custom_interfaces/local/lib/python3.10/dist-packages/custom_interfaces/srv
[2.450s] -- Installing: /home/fourfold/dev/inmind sessions/inmind-session-7/turtlebot-navigation/install/custom_interfaces/local/lib/python3.10/dist-packages/custom_interfaces/srv/_find_closest_wall_s.c
[2.450s] -- Installing: /home/fourfold/dev/inmind sessions/inmind-session-7/turtlebot-navigation/install/custom_interfaces/local/lib/python3.10/dist-packages/custom_interfaces/srv/_find_closest_wall.py
[2.450s] -- Installing: /home/fourfold/dev/inmind sessions/inmind-session-7/turtlebot-navigation/install/custom_interfaces/local/lib/python3.10/dist-packages/custom_interfaces/srv/__init__.py
[2.450s] -- Installing: /home/fourfold/dev/inmind sessions/inmind-session-7/turtlebot-navigation/install/custom_interfaces/local/lib/python3.10/dist-packages/custom_interfaces/__init__.py
[2.450s] -- Installing: /home/fourfold/dev/inmind sessions/inmind-session-7/turtlebot-navigation/install/custom_interfaces/local/lib/python3.10/dist-packages/custom_interfaces/_custom_interfaces_s.ep.rosidl_typesupport_introspection_c.c
[2.471s] Listing '/home/fourfold/dev/inmind sessions/inmind-session-7/turtlebot-navigation/install/custom_interfaces/local/lib/python3.10/dist-packages/custom_interfaces'...
[2.471s] Compiling '/home/fourfold/dev/inmind sessions/inmind-session-7/turtlebot-navigation/install/custom_interfaces/local/lib/python3.10/dist-packages/custom_interfaces/__init__.py'...
[2.471s] Listing '/home/fourfold/dev/inmind sessions/inmind-session-7/turtlebot-navigation/install/custom_interfaces/local/lib/python3.10/dist-packages/custom_interfaces/action'...
[2.471s] Compiling '/home/fourfold/dev/inmind sessions/inmind-session-7/turtlebot-navigation/install/custom_interfaces/local/lib/python3.10/dist-packages/custom_interfaces/action/__init__.py'...
[2.472s] Compiling '/home/fourfold/dev/inmind sessions/inmind-session-7/turtlebot-navigation/install/custom_interfaces/local/lib/python3.10/dist-packages/custom_interfaces/action/_measure_lap_time.py'...
[2.472s] Listing '/home/fourfold/dev/inmind sessions/inmind-session-7/turtlebot-navigation/install/custom_interfaces/local/lib/python3.10/dist-packages/custom_interfaces/srv'...
[2.472s] Compiling '/home/fourfold/dev/inmind sessions/inmind-session-7/turtlebot-navigation/install/custom_interfaces/local/lib/python3.10/dist-packages/custom_interfaces/srv/__init__.py'...
[2.472s] Compiling '/home/fourfold/dev/inmind sessions/inmind-session-7/turtlebot-navigation/install/custom_interfaces/local/lib/python3.10/dist-packages/custom_interfaces/srv/_find_closest_wall.py'...
[2.474s] -- Installing: /home/fourfold/dev/inmind sessions/inmind-session-7/turtlebot-navigation/install/custom_interfaces/local/lib/python3.10/dist-packages/custom_interfaces/custom_interfaces_s__rosidl_typesupport_fastrtps_c.cpython-310-x86_64-linux-gnu.so
[2.474s] -- Set runtime path of "/home/fourfold/dev/inmind sessions/inmind-session-7/turtlebot-navigation/install/custom_interfaces/local/lib/python3.10/dist-packages/custom_interfaces/custom_interfaces_s__rosidl_typesupport_fastrtps_c.cpython-310-x86_64-linux-gnu.so" to ""
[2.474s] -- Installing: /home/fourfold/dev/inmind sessions/inmind-session-7/turtlebot-navigation/install/custom_interfaces/local/lib/python3.10/dist-packages/custom_interfaces/custom_interfaces_s__rosidl_typesupport_introspection_c.cpython-310-x86_64-linux-gnu.so
[2.474s] -- Set runtime path of "/home/fourfold/dev/inmind sessions/inmind-session-7/turtlebot-navigation/install/custom_interfaces/local/lib/python3.10/dist-packages/custom_interfaces/custom_interfaces_s__rosidl_typesupport_introspection_c.cpython-310-x86_64-linux-gnu.so" to ""
[2.474s] -- Installing: /home/fourfold/dev/inmind sessions/inmind-session-7/turtlebot-navigation/install/custom_interfaces/local/lib/python3.10/dist-packages/custom_interfaces/custom_interfaces_s__rosidl_typesupport_c.cpython-310-x86_64-linux-gnu.so
[2.475s] -- Set runtime path of "/home/fourfold/dev/inmind sessions/inmind-session-7/turtlebot-navigation/install/custom_interfaces/local/lib/python3.10/dist-packages/custom_interfaces/custom_interfaces_s__rosidl_typesupport_c.cpython-310-x86_64-linux-gnu.so" to ""
[2.475s] -- Installing: /home/fourfold/dev/inmind sessions/inmind-session-7/turtlebot-navigation/install/custom_interfaces/lib/libcustom_interfaces__rosidl_generator_py.so
[2.475s] -- Set runtime path of "/home/fourfold/dev/inmind sessions/inmind-session-7/turtlebot-navigation/install/custom_interfaces/lib/libcustom_interfaces__rosidl_generator_py.so" to ""
[2.475s] -- Up-to-date: /home/fourfold/dev/inmind sessions/inmind-session-7/turtlebot-navigation/install/custom_interfaces/share/custom_interfaces/srv/FindClosestWall.idl
[2.475s] -- Installing: /home/fourfold/dev/inmind sessions/inmind-session-7/turtlebot-navigation/install/custom_interfaces/share/custom_interfaces/action/MeasureLapTime.idl
[2.475s] -- Up-to-date: /home/fourfold/dev/inmind sessions/inmind-session-7/turtlebot-navigation/install/custom_interfaces/share/custom_interfaces/srv/FindClosestWall.srv
[2.475s] -- Up-to-date: /home/fourfold/dev/inmind sessions/inmind-session-7/turtlebot-navigation/install/custom_interfaces/share/custom_interfaces/srv/FindClosestWall_Request.msg
[2.475s] -- Up-to-date: /home/fourfold/dev/inmind sessions/inmind-session-7/turtlebot-navigation/install/custom_interfaces/share/custom_interfaces/srv/FindClosestWall_Response.msg
[2.475s] -- Installing: /home/fourfold/dev/inmind sessions/inmind-session-7/turtlebot-navigation/install/custom_interfaces/share/custom_interfaces/action/MeasureLapTime.action
[2.475s] -- Up-to-date: /home/fourfold/dev/inmind sessions/inmind-session-7/turtlebot-navigation/install/custom_interfaces/share/ament_index/resource_index/package_run_dependencies/custom_interfaces
[2.475s] -- Installing: /home/fourfold/dev/inmind sessions/inmind-session-7/turtlebot-navigation/install/custom_interfaces/share/ament_index/resource_index/parent_prefix_path/custom_interfaces
[2.475s] -- Up-to-date: /home/fourfold/dev/inmind sessions/inmind-session-7/turtlebot-navigation/install/custom_interfaces/share/custom_interfaces/environment/ament_prefix_path.sh
[2.475s] -- Installing: /home/fourfold/dev/inmind sessions/inmind-session-7/turtlebot-navigation/install/custom_interfaces/share/custom_interfaces/environment/ament_prefix_path.dsv
[2.475s] -- Up-to-date: /home/fourfold/dev/inmind sessions/inmind-session-7/turtlebot-navigation/install/custom_interfaces/share/custom_interfaces/environment/path.sh
[2.475s] -- Installing: /home/fourfold/dev/inmind sessions/inmind-session-7/turtlebot-navigation/install/custom_interfaces/share/custom_interfaces/environment/path.dsv
[2.475s] -- Up-to-date: /home/fourfold/dev/inmind sessions/inmind-session-7/turtlebot-navigation/install/custom_interfaces/share/custom_interfaces/local_setup.bash
[2.475s] -- Up-to-date: /home/fourfold/dev/inmind sessions/inmind-session-7/turtlebot-navigation/install/custom_interfaces/share/custom_interfaces/local_setup.sh
[2.476s] -- Up-to-date: /home/fourfold/dev/inmind sessions/inmind-session-7/turtlebot-navigation/install/custom_interfaces/share/custom_interfaces/local_setup.zsh
[2.476s] -- Installing: /home/fourfold/dev/inmind sessions/inmind-session-7/turtlebot-navigation/install/custom_interfaces/share/custom_interfaces/local_setup.dsv
[2.476s] -- Installing: /home/fourfold/dev/inmind sessions/inmind-session-7/turtlebot-navigation/install/custom_interfaces/share/custom_interfaces/package.dsv
[2.476s] -- Up-to-date: /home/fourfold/dev/inmind sessions/inmind-session-7/turtlebot-navigation/install/custom_interfaces/share/ament_index/resource_index/packages/custom_interfaces
[2.476s] -- Old export file "/home/fourfold/dev/inmind sessions/inmind-session-7/turtlebot-navigation/install/custom_interfaces/share/custom_interfaces/cmake/export_custom_interfaces__rosidl_generator_cExport.cmake" will be replaced.  Removing files [/home/fourfold/dev/inmind sessions/inmind-session-7/turtlebot-navigation/install/custom_interfaces/share/custom_interfaces/cmake/export_custom_interfaces__rosidl_generator_cExport-noconfig.cmake].
[2.476s] -- Installing: /home/fourfold/dev/inmind sessions/inmind-session-7/turtlebot-navigation/install/custom_interfaces/share/custom_interfaces/cmake/export_custom_interfaces__rosidl_generator_cExport.cmake
[2.476s] -- Installing: /home/fourfold/dev/inmind sessions/inmind-session-7/turtlebot-navigation/install/custom_interfaces/share/custom_interfaces/cmake/export_custom_interfaces__rosidl_generator_cExport-noconfig.cmake
[2.476s] -- Old export file "/home/fourfold/dev/inmind sessions/inmind-session-7/turtlebot-navigation/install/custom_interfaces/share/custom_interfaces/cmake/export_custom_interfaces__rosidl_typesupport_fastrtps_cExport.cmake" will be replaced.  Removing files [/home/fourfold/dev/inmind sessions/inmind-session-7/turtlebot-navigation/install/custom_interfaces/share/custom_interfaces/cmake/export_custom_interfaces__rosidl_typesupport_fastrtps_cExport-noconfig.cmake].
[2.476s] -- Installing: /home/fourfold/dev/inmind sessions/inmind-session-7/turtlebot-navigation/install/custom_interfaces/share/custom_interfaces/cmake/export_custom_interfaces__rosidl_typesupport_fastrtps_cExport.cmake
[2.476s] -- Installing: /home/fourfold/dev/inmind sessions/inmind-session-7/turtlebot-navigation/install/custom_interfaces/share/custom_interfaces/cmake/export_custom_interfaces__rosidl_typesupport_fastrtps_cExport-noconfig.cmake
[2.476s] -- Old export file "/home/fourfold/dev/inmind sessions/inmind-session-7/turtlebot-navigation/install/custom_interfaces/share/custom_interfaces/cmake/custom_interfaces__rosidl_typesupport_introspection_cExport.cmake" will be replaced.  Removing files [/home/fourfold/dev/inmind sessions/inmind-session-7/turtlebot-navigation/install/custom_interfaces/share/custom_interfaces/cmake/custom_interfaces__rosidl_typesupport_introspection_cExport-noconfig.cmake].
[2.476s] -- Installing: /home/fourfold/dev/inmind sessions/inmind-session-7/turtlebot-navigation/install/custom_interfaces/share/custom_interfaces/cmake/custom_interfaces__rosidl_typesupport_introspection_cExport.cmake
[2.476s] -- Installing: /home/fourfold/dev/inmind sessions/inmind-session-7/turtlebot-navigation/install/custom_interfaces/share/custom_interfaces/cmake/custom_interfaces__rosidl_typesupport_introspection_cExport-noconfig.cmake
[2.476s] -- Old export file "/home/fourfold/dev/inmind sessions/inmind-session-7/turtlebot-navigation/install/custom_interfaces/share/custom_interfaces/cmake/custom_interfaces__rosidl_typesupport_cExport.cmake" will be replaced.  Removing files [/home/fourfold/dev/inmind sessions/inmind-session-7/turtlebot-navigation/install/custom_interfaces/share/custom_interfaces/cmake/custom_interfaces__rosidl_typesupport_cExport-noconfig.cmake].
[2.476s] -- Installing: /home/fourfold/dev/inmind sessions/inmind-session-7/turtlebot-navigation/install/custom_interfaces/share/custom_interfaces/cmake/custom_interfaces__rosidl_typesupport_cExport.cmake
[2.476s] -- Installing: /home/fourfold/dev/inmind sessions/inmind-session-7/turtlebot-navigation/install/custom_interfaces/share/custom_interfaces/cmake/custom_interfaces__rosidl_typesupport_cExport-noconfig.cmake
[2.476s] -- Installing: /home/fourfold/dev/inmind sessions/inmind-session-7/turtlebot-navigation/install/custom_interfaces/share/custom_interfaces/cmake/export_custom_interfaces__rosidl_generator_cppExport.cmake
[2.476s] -- Old export file "/home/fourfold/dev/inmind sessions/inmind-session-7/turtlebot-navigation/install/custom_interfaces/share/custom_interfaces/cmake/export_custom_interfaces__rosidl_typesupport_fastrtps_cppExport.cmake" will be replaced.  Removing files [/home/fourfold/dev/inmind sessions/inmind-session-7/turtlebot-navigation/install/custom_interfaces/share/custom_interfaces/cmake/export_custom_interfaces__rosidl_typesupport_fastrtps_cppExport-noconfig.cmake].
[2.476s] -- Installing: /home/fourfold/dev/inmind sessions/inmind-session-7/turtlebot-navigation/install/custom_interfaces/share/custom_interfaces/cmake/export_custom_interfaces__rosidl_typesupport_fastrtps_cppExport.cmake
[2.476s] -- Installing: /home/fourfold/dev/inmind sessions/inmind-session-7/turtlebot-navigation/install/custom_interfaces/share/custom_interfaces/cmake/export_custom_interfaces__rosidl_typesupport_fastrtps_cppExport-noconfig.cmake
[2.477s] -- Old export file "/home/fourfold/dev/inmind sessions/inmind-session-7/turtlebot-navigation/install/custom_interfaces/share/custom_interfaces/cmake/custom_interfaces__rosidl_typesupport_introspection_cppExport.cmake" will be replaced.  Removing files [/home/fourfold/dev/inmind sessions/inmind-session-7/turtlebot-navigation/install/custom_interfaces/share/custom_interfaces/cmake/custom_interfaces__rosidl_typesupport_introspection_cppExport-noconfig.cmake].
[2.477s] -- Installing: /home/fourfold/dev/inmind sessions/inmind-session-7/turtlebot-navigation/install/custom_interfaces/share/custom_interfaces/cmake/custom_interfaces__rosidl_typesupport_introspection_cppExport.cmake
[2.477s] -- Installing: /home/fourfold/dev/inmind sessions/inmind-session-7/turtlebot-navigation/install/custom_interfaces/share/custom_interfaces/cmake/custom_interfaces__rosidl_typesupport_introspection_cppExport-noconfig.cmake
[2.477s] -- Old export file "/home/fourfold/dev/inmind sessions/inmind-session-7/turtlebot-navigation/install/custom_interfaces/share/custom_interfaces/cmake/custom_interfaces__rosidl_typesupport_cppExport.cmake" will be replaced.  Removing files [/home/fourfold/dev/inmind sessions/inmind-session-7/turtlebot-navigation/install/custom_interfaces/share/custom_interfaces/cmake/custom_interfaces__rosidl_typesupport_cppExport-noconfig.cmake].
[2.477s] -- Installing: /home/fourfold/dev/inmind sessions/inmind-session-7/turtlebot-navigation/install/custom_interfaces/share/custom_interfaces/cmake/custom_interfaces__rosidl_typesupport_cppExport.cmake
[2.477s] -- Installing: /home/fourfold/dev/inmind sessions/inmind-session-7/turtlebot-navigation/install/custom_interfaces/share/custom_interfaces/cmake/custom_interfaces__rosidl_typesupport_cppExport-noconfig.cmake
[2.477s] -- Old export file "/home/fourfold/dev/inmind sessions/inmind-session-7/turtlebot-navigation/install/custom_interfaces/share/custom_interfaces/cmake/export_custom_interfaces__rosidl_generator_pyExport.cmake" will be replaced.  Removing files [/home/fourfold/dev/inmind sessions/inmind-session-7/turtlebot-navigation/install/custom_interfaces/share/custom_interfaces/cmake/export_custom_interfaces__rosidl_generator_pyExport-noconfig.cmake].
[2.477s] -- Installing: /home/fourfold/dev/inmind sessions/inmind-session-7/turtlebot-navigation/install/custom_interfaces/share/custom_interfaces/cmake/export_custom_interfaces__rosidl_generator_pyExport.cmake
[2.477s] -- Installing: /home/fourfold/dev/inmind sessions/inmind-session-7/turtlebot-navigation/install/custom_interfaces/share/custom_interfaces/cmake/export_custom_interfaces__rosidl_generator_pyExport-noconfig.cmake
[2.477s] -- Installing: /home/fourfold/dev/inmind sessions/inmind-session-7/turtlebot-navigation/install/custom_interfaces/share/custom_interfaces/cmake/rosidl_cmake-extras.cmake
[2.477s] -- Installing: /home/fourfold/dev/inmind sessions/inmind-session-7/turtlebot-navigation/install/custom_interfaces/share/custom_interfaces/cmake/ament_cmake_export_dependencies-extras.cmake
[2.477s] -- Up-to-date: /home/fourfold/dev/inmind sessions/inmind-session-7/turtlebot-navigation/install/custom_interfaces/share/custom_interfaces/cmake/ament_cmake_export_include_directories-extras.cmake
[2.477s] -- Up-to-date: /home/fourfold/dev/inmind sessions/inmind-session-7/turtlebot-navigation/install/custom_interfaces/share/custom_interfaces/cmake/ament_cmake_export_libraries-extras.cmake
[2.477s] -- Up-to-date: /home/fourfold/dev/inmind sessions/inmind-session-7/turtlebot-navigation/install/custom_interfaces/share/custom_interfaces/cmake/ament_cmake_export_targets-extras.cmake
[2.477s] -- Up-to-date: /home/fourfold/dev/inmind sessions/inmind-session-7/turtlebot-navigation/install/custom_interfaces/share/custom_interfaces/cmake/rosidl_cmake_export_typesupport_targets-extras.cmake
[2.477s] -- Up-to-date: /home/fourfold/dev/inmind sessions/inmind-session-7/turtlebot-navigation/install/custom_interfaces/share/custom_interfaces/cmake/rosidl_cmake_export_typesupport_libraries-extras.cmake
[2.477s] -- Installing: /home/fourfold/dev/inmind sessions/inmind-session-7/turtlebot-navigation/install/custom_interfaces/share/custom_interfaces/cmake/custom_interfacesConfig.cmake
[2.477s] -- Up-to-date: /home/fourfold/dev/inmind sessions/inmind-session-7/turtlebot-navigation/install/custom_interfaces/share/custom_interfaces/cmake/custom_interfacesConfig-version.cmake
[2.477s] -- Up-to-date: /home/fourfold/dev/inmind sessions/inmind-session-7/turtlebot-navigation/install/custom_interfaces/share/custom_interfaces/package.xml
[2.479s] Invoked command in '/home/fourfold/dev/inmind sessions/inmind-session-7/turtlebot-navigation/build/custom_interfaces' returned '0': CMAKE_PREFIX_PATH=${CMAKE_PREFIX_PATH}:/home/fourfold/dev/inmind sessions/inmind-session-7/turtlebot-navigation/install/turtlebot_nav:/opt/ros/humble /usr/bin/cmake --install /home/fourfold/dev/inmind sessions/inmind-session-7/turtlebot-navigation/build/custom_interfaces
