[0.329s] Invoking command in '/home/fourfold/dev/inmind sessions/inmind-session-7/turtlebot-navigation/src/turtlebot_nav': PYTHONPATH=/home/fourfold/dev/inmind sessions/inmind-session-7/turtlebot-navigation/build/turtlebot_nav/prefix_override:/usr/lib/python3/dist-packages/colcon_core/task/python/colcon_distutils_commands:/home/fourfold/dev/inmind sessions/inmind-session-7/turtlebot-navigation/install/turtlebot_nav/lib/python3.10/site-packages:${PYTHONPATH} /usr/bin/python3 -W ignore:setup.py install is deprecated setup.py egg_info --egg-base ../../build/turtlebot_nav build --build-base /home/fourfold/dev/inmind sessions/inmind-session-7/turtlebot-navigation/build/turtlebot_nav/build install --record /home/fourfold/dev/inmind sessions/inmind-session-7/turtlebot-navigation/build/turtlebot_nav/install.log --single-version-externally-managed install_data
[0.459s] running egg_info
[0.459s] writing ../../build/turtlebot_nav/turtlebot_nav.egg-info/PKG-INFO
[0.460s] writing dependency_links to ../../build/turtlebot_nav/turtlebot_nav.egg-info/dependency_links.txt
[0.460s] writing entry points to ../../build/turtlebot_nav/turtlebot_nav.egg-info/entry_points.txt
[0.460s] writing requirements to ../../build/turtlebot_nav/turtlebot_nav.egg-info/requires.txt
[0.460s] writing top-level names to ../../build/turtlebot_nav/turtlebot_nav.egg-info/top_level.txt
[0.461s] reading manifest file '../../build/turtlebot_nav/turtlebot_nav.egg-info/SOURCES.txt'
[0.461s] writing manifest file '../../build/turtlebot_nav/turtlebot_nav.egg-info/SOURCES.txt'
[0.461s] running build
[0.461s] running build_py
[0.461s] copying turtlebot_nav/lap_time_server.py -> /home/fourfold/dev/inmind sessions/inmind-session-7/turtlebot-navigation/build/turtlebot_nav/build/lib/turtlebot_nav
[0.461s] running install
[0.462s] running install_lib
[0.462s] copying /home/fourfold/dev/inmind sessions/inmind-session-7/turtlebot-navigation/build/turtlebot_nav/build/lib/turtlebot_nav/lap_time_server.py -> /home/fourfold/dev/inmind sessions/inmind-session-7/turtlebot-navigation/install/turtlebot_nav/lib/python3.10/site-packages/turtlebot_nav
[0.462s] byte-compiling /home/fourfold/dev/inmind sessions/inmind-session-7/turtlebot-navigation/install/turtlebot_nav/lib/python3.10/site-packages/turtlebot_nav/lap_time_server.py to lap_time_server.cpython-310.pyc
[0.463s] running install_data
[0.463s] running install_egg_info
[0.464s] removing '/home/fourfold/dev/inmind sessions/inmind-session-7/turtlebot-navigation/install/turtlebot_nav/lib/python3.10/site-packages/turtlebot_nav-0.0.0-py3.10.egg-info' (and everything under it)
[0.464s] Copying ../../build/turtlebot_nav/turtlebot_nav.egg-info to /home/fourfold/dev/inmind sessions/inmind-session-7/turtlebot-navigation/install/turtlebot_nav/lib/python3.10/site-packages/turtlebot_nav-0.0.0-py3.10.egg-info
[0.464s] running install_scripts
[0.477s] Installing find_closest_wall_server script to /home/fourfold/dev/inmind sessions/inmind-session-7/turtlebot-navigation/install/turtlebot_nav/lib/turtlebot_nav
[0.477s] Installing lap_client script to /home/fourfold/dev/inmind sessions/inmind-session-7/turtlebot-navigation/install/turtlebot_nav/lib/turtlebot_nav
[0.477s] Installing lap_server script to /home/fourfold/dev/inmind sessions/inmind-session-7/turtlebot-navigation/install/turtlebot_nav/lib/turtlebot_nav
[0.477s] Installing navigator_node script to /home/fourfold/dev/inmind sessions/inmind-session-7/turtlebot-navigation/install/turtlebot_nav/lib/turtlebot_nav
[0.478s] writing list of installed files to '/home/fourfold/dev/inmind sessions/inmind-session-7/turtlebot-navigation/build/turtlebot_nav/install.log'
[0.492s] Invoked command in '/home/fourfold/dev/inmind sessions/inmind-session-7/turtlebot-navigation/src/turtlebot_nav' returned '0': PYTHONPATH=/home/fourfold/dev/inmind sessions/inmind-session-7/turtlebot-navigation/build/turtlebot_nav/prefix_override:/usr/lib/python3/dist-packages/colcon_core/task/python/colcon_distutils_commands:/home/fourfold/dev/inmind sessions/inmind-session-7/turtlebot-navigation/install/turtlebot_nav/lib/python3.10/site-packages:${PYTHONPATH} /usr/bin/python3 -W ignore:setup.py install is deprecated setup.py egg_info --egg-base ../../build/turtlebot_nav build --build-base /home/fourfold/dev/inmind sessions/inmind-session-7/turtlebot-navigation/build/turtlebot_nav/build install --record /home/fourfold/dev/inmind sessions/inmind-session-7/turtlebot-navigation/build/turtlebot_nav/install.log --single-version-externally-managed install_data
