[0.010s] Invoking command in '/home/fourfold/dev/inmind sessions/inmind-session-7/turtlebot-navigation/build/custom_interfaces': CMAKE_PREFIX_PATH=${CMAKE_PREFIX_PATH}:/home/fourfold/dev/inmind sessions/inmind-session-7/turtlebot-navigation/install/turtlebot_nav:/opt/ros/humble /usr/bin/cmake --build /home/fourfold/dev/inmind sessions/inmind-session-7/turtlebot-navigation/build/custom_interfaces -- -j16 -l16
[0.046s] -- Found ament_cmake: 1.3.9 (/opt/ros/humble/share/ament_cmake/cmake)
[0.129s] -- Found ament_lint_auto: 0.12.11 (/opt/ros/humble/share/ament_lint_auto/cmake)
[0.173s] -- Found rosidl_default_generators: 1.2.0 (/opt/ros/humble/share/rosidl_default_generators/cmake)
[0.175s] -- Using all available rosidl_typesupport_c: rosidl_typesupport_fastrtps_c;rosidl_typesupport_introspection_c
[0.178s] -- Found rosidl_adapter: 3.1.5 (/opt/ros/humble/share/rosidl_adapter/cmake)
[0.202s] -- Using all available rosidl_typesupport_cpp: rosidl_typesupport_fastrtps_cpp;rosidl_typesupport_introspection_cpp
[0.402s] -- Found ament_cmake_ros: 0.10.0 (/opt/ros/humble/share/ament_cmake_ros/cmake)
[0.524s] -- Using all available rosidl_typesupport_c: rosidl_typesupport_fastrtps_c;rosidl_typesupport_introspection_c
[0.672s] -- Using all available rosidl_typesupport_cpp: rosidl_typesupport_fastrtps_cpp;rosidl_typesupport_introspection_cpp
[0.686s] -- Found python_cmake_module: 0.10.0 (/opt/ros/humble/share/python_cmake_module/cmake)
[0.701s] -- Using PYTHON_EXECUTABLE: /usr/bin/python3
[0.701s] -- Using PYTHON_INCLUDE_DIRS: /usr/include/python3.10
[0.701s] -- Using PYTHON_LIBRARIES: /usr/lib/x86_64-linux-gnu/libpython3.10.so
[0.715s] -- Added test 'lint_cmake' to check CMake code style
[0.716s] -- Added test 'xmllint' to check XML markup files
[0.719s] -- Configuring done
[0.748s] -- Generating done
[0.750s] -- Build files have been written to: /home/fourfold/dev/inmind sessions/inmind-session-7/turtlebot-navigation/build/custom_interfaces
[0.767s] [  2%] [34m[1mGenerating C code for ROS interfaces[0m
[0.772s] [  5%] [34m[1mGenerating C++ code for ROS interfaces[0m
[0.781s] [  5%] Built target ament_cmake_python_copy_custom_interfaces
[0.922s] running egg_info
[0.923s] writing custom_interfaces.egg-info/PKG-INFO
[0.923s] writing dependency_links to custom_interfaces.egg-info/dependency_links.txt
[0.923s] writing top-level names to custom_interfaces.egg-info/top_level.txt
[0.925s] reading manifest file 'custom_interfaces.egg-info/SOURCES.txt'
[0.925s] writing manifest file 'custom_interfaces.egg-info/SOURCES.txt'
[0.943s] [  5%] Built target ament_cmake_python_build_custom_interfaces_egg
[1.050s] [  5%] Built target custom_interfaces__cpp
[1.053s] [35m[1mConsolidate compiler generated dependencies of target custom_interfaces__rosidl_generator_c[0m
[1.056s] [ 12%] [34m[1mGenerating C++ type support for eProsima Fast-RTPS[0m
[1.057s] [ 12%] [34m[1mGenerating C++ introspection for ROS interfaces[0m
[1.057s] [ 12%] [34m[1mGenerating C++ type support dispatch for ROS interfaces[0m
[1.060s] [ 15%] [32mBuilding C object CMakeFiles/custom_interfaces__rosidl_generator_c.dir/rosidl_generator_c/custom_interfaces/srv/detail/find_closest_wall__functions.c.o[0m
[1.061s] [ 17%] [32mBuilding C object CMakeFiles/custom_interfaces__rosidl_generator_c.dir/rosidl_generator_c/custom_interfaces/action/detail/measure_lap_time__functions.c.o[0m
[1.160s] [ 20%] [32m[1mLinking C shared library libcustom_interfaces__rosidl_generator_c.so[0m
[1.190s] [ 20%] Built target custom_interfaces__rosidl_generator_c
[1.197s] [ 25%] [34m[1mGenerating C introspection for ROS interfaces[0m
[1.197s] [ 23%] [34m[1mGenerating C type support for eProsima Fast-RTPS[0m
[1.197s] [ 28%] [34m[1mGenerating C type support dispatch for ROS interfaces[0m
[1.255s] [35m[1mConsolidate compiler generated dependencies of target custom_interfaces__rosidl_typesupport_cpp[0m
[1.266s] [ 30%] [32mBuilding CXX object CMakeFiles/custom_interfaces__rosidl_typesupport_cpp.dir/rosidl_typesupport_cpp/custom_interfaces/srv/find_closest_wall__type_support.cpp.o[0m
[1.268s] [ 33%] [32mBuilding CXX object CMakeFiles/custom_interfaces__rosidl_typesupport_cpp.dir/rosidl_typesupport_cpp/custom_interfaces/action/measure_lap_time__type_support.cpp.o[0m
[1.297s] [35m[1mConsolidate compiler generated dependencies of target custom_interfaces__rosidl_typesupport_introspection_cpp[0m
[1.307s] [ 35%] [32mBuilding CXX object CMakeFiles/custom_interfaces__rosidl_typesupport_introspection_cpp.dir/rosidl_typesupport_introspection_cpp/custom_interfaces/srv/detail/find_closest_wall__type_support.cpp.o[0m
[1.307s] [ 38%] [32mBuilding CXX object CMakeFiles/custom_interfaces__rosidl_typesupport_introspection_cpp.dir/rosidl_typesupport_introspection_cpp/custom_interfaces/action/detail/measure_lap_time__type_support.cpp.o[0m
[1.344s] [35m[1mConsolidate compiler generated dependencies of target custom_interfaces__rosidl_typesupport_fastrtps_cpp[0m
[1.354s] [ 41%] [32mBuilding CXX object CMakeFiles/custom_interfaces__rosidl_typesupport_fastrtps_cpp.dir/rosidl_typesupport_fastrtps_cpp/custom_interfaces/srv/detail/dds_fastrtps/find_closest_wall__type_support.cpp.o[0m
[1.357s] [ 43%] [32mBuilding CXX object CMakeFiles/custom_interfaces__rosidl_typesupport_fastrtps_cpp.dir/rosidl_typesupport_fastrtps_cpp/custom_interfaces/action/detail/dds_fastrtps/measure_lap_time__type_support.cpp.o[0m
[1.421s] [35m[1mConsolidate compiler generated dependencies of target custom_interfaces__rosidl_typesupport_c[0m
[1.430s] [ 46%] [32mBuilding CXX object CMakeFiles/custom_interfaces__rosidl_typesupport_c.dir/rosidl_typesupport_c/custom_interfaces/srv/find_closest_wall__type_support.cpp.o[0m
[1.432s] [ 48%] [32mBuilding CXX object CMakeFiles/custom_interfaces__rosidl_typesupport_c.dir/rosidl_typesupport_c/custom_interfaces/action/measure_lap_time__type_support.cpp.o[0m
[1.477s] [35m[1mConsolidate compiler generated dependencies of target custom_interfaces__rosidl_typesupport_introspection_c[0m
[1.484s] [ 51%] [32m[1mLinking CXX shared library libcustom_interfaces__rosidl_typesupport_c.so[0m
[1.486s] [ 56%] [32mBuilding C object CMakeFiles/custom_interfaces__rosidl_typesupport_introspection_c.dir/rosidl_typesupport_introspection_c/custom_interfaces/srv/detail/find_closest_wall__type_support.c.o[0m
[1.486s] [ 56%] [32mBuilding C object CMakeFiles/custom_interfaces__rosidl_typesupport_introspection_c.dir/rosidl_typesupport_introspection_c/custom_interfaces/action/detail/measure_lap_time__type_support.c.o[0m
[1.489s] [35m[1mConsolidate compiler generated dependencies of target custom_interfaces__rosidl_typesupport_fastrtps_c[0m
[1.503s] [ 61%] [32mBuilding CXX object CMakeFiles/custom_interfaces__rosidl_typesupport_fastrtps_c.dir/rosidl_typesupport_fastrtps_c/custom_interfaces/srv/detail/find_closest_wall__type_support_c.cpp.o[0m
[1.503s] [ 61%] [32mBuilding CXX object CMakeFiles/custom_interfaces__rosidl_typesupport_fastrtps_c.dir/rosidl_typesupport_fastrtps_c/custom_interfaces/action/detail/measure_lap_time__type_support_c.cpp.o[0m
[1.520s] [ 61%] Built target custom_interfaces__rosidl_typesupport_c
[1.528s] [ 64%] [32m[1mLinking C shared library libcustom_interfaces__rosidl_typesupport_introspection_c.so[0m
[1.555s] [ 64%] Built target custom_interfaces__rosidl_typesupport_introspection_c
[1.664s] [ 66%] [32m[1mLinking CXX shared library libcustom_interfaces__rosidl_typesupport_cpp.so[0m
[1.692s] [ 66%] Built target custom_interfaces__rosidl_typesupport_cpp
[1.737s] [ 69%] [32m[1mLinking CXX shared library libcustom_interfaces__rosidl_typesupport_introspection_cpp.so[0m
[1.746s] [ 71%] [32m[1mLinking CXX shared library libcustom_interfaces__rosidl_typesupport_fastrtps_cpp.so[0m
[1.767s] [ 74%] [32m[1mLinking CXX shared library libcustom_interfaces__rosidl_typesupport_fastrtps_c.so[0m
[1.786s] [ 74%] Built target custom_interfaces__rosidl_typesupport_introspection_cpp
[1.795s] [ 74%] Built target custom_interfaces__rosidl_typesupport_fastrtps_cpp
[1.815s] [ 74%] Built target custom_interfaces__rosidl_typesupport_fastrtps_c
[1.826s] [ 74%] Built target custom_interfaces
[1.838s] [ 76%] [34m[1mGenerating Python code for ROS interfaces[0m
[2.294s] [ 76%] Built target custom_interfaces__py
[2.301s] [35m[1mConsolidate compiler generated dependencies of target custom_interfaces__rosidl_generator_py[0m
[2.309s] [ 82%] [32mBuilding C object CMakeFiles/custom_interfaces__rosidl_generator_py.dir/rosidl_generator_py/custom_interfaces/srv/_find_closest_wall_s.c.o[0m
[2.309s] [ 82%] [32mBuilding C object CMakeFiles/custom_interfaces__rosidl_generator_py.dir/rosidl_generator_py/custom_interfaces/action/_measure_lap_time_s.c.o[0m
[2.404s] [ 84%] [32m[1mLinking C shared library rosidl_generator_py/custom_interfaces/libcustom_interfaces__rosidl_generator_py.so[0m
[2.428s] [ 84%] Built target custom_interfaces__rosidl_generator_py
[2.435s] [35m[1mConsolidate compiler generated dependencies of target custom_interfaces__rosidl_typesupport_c__pyext[0m
[2.435s] [35m[1mConsolidate compiler generated dependencies of target custom_interfaces__rosidl_typesupport_introspection_c__pyext[0m
[2.435s] [35m[1mConsolidate compiler generated dependencies of target custom_interfaces__rosidl_typesupport_fastrtps_c__pyext[0m
[2.442s] [ 92%] [32mBuilding C object CMakeFiles/custom_interfaces__rosidl_typesupport_fastrtps_c__pyext.dir/rosidl_generator_py/custom_interfaces/_custom_interfaces_s.ep.rosidl_typesupport_fastrtps_c.c.o[0m
[2.442s] [ 92%] [32mBuilding C object CMakeFiles/custom_interfaces__rosidl_typesupport_c__pyext.dir/rosidl_generator_py/custom_interfaces/_custom_interfaces_s.ep.rosidl_typesupport_c.c.o[0m
[2.442s] [ 92%] [32mBuilding C object CMakeFiles/custom_interfaces__rosidl_typesupport_introspection_c__pyext.dir/rosidl_generator_py/custom_interfaces/_custom_interfaces_s.ep.rosidl_typesupport_introspection_c.c.o[0m
[2.514s] [100%] [32m[1mLinking C shared library rosidl_generator_py/custom_interfaces/custom_interfaces_s__rosidl_typesupport_introspection_c.cpython-310-x86_64-linux-gnu.so[0m
[2.515s] [100%] [32m[1mLinking C shared library rosidl_generator_py/custom_interfaces/custom_interfaces_s__rosidl_typesupport_fastrtps_c.cpython-310-x86_64-linux-gnu.so[0m
[2.515s] [100%] [32m[1mLinking C shared library rosidl_generator_py/custom_interfaces/custom_interfaces_s__rosidl_typesupport_c.cpython-310-x86_64-linux-gnu.so[0m
[2.538s] [100%] Built target custom_interfaces__rosidl_typesupport_introspection_c__pyext
[2.538s] [100%] Built target custom_interfaces__rosidl_typesupport_fastrtps_c__pyext
[2.538s] [100%] Built target custom_interfaces__rosidl_typesupport_c__pyext
[2.546s] Invoked command in '/home/fourfold/dev/inmind sessions/inmind-session-7/turtlebot-navigation/build/custom_interfaces' returned '0': CMAKE_PREFIX_PATH=${CMAKE_PREFIX_PATH}:/home/fourfold/dev/inmind sessions/inmind-session-7/turtlebot-navigation/install/turtlebot_nav:/opt/ros/humble /usr/bin/cmake --build /home/fourfold/dev/inmind sessions/inmind-session-7/turtlebot-navigation/build/custom_interfaces -- -j16 -l16
[2.603s] Invoking command in '/home/fourfold/dev/inmind sessions/inmind-session-7/turtlebot-navigation/build/custom_interfaces': CMAKE_PREFIX_PATH=${CMAKE_PREFIX_PATH}:/home/fourfold/dev/inmind sessions/inmind-session-7/turtlebot-navigation/install/turtlebot_nav:/opt/ros/humble /usr/bin/cmake --install /home/fourfold/dev/inmind sessions/inmind-session-7/turtlebot-navigation/build/custom_interfaces
[2.609s] -- Install configuration: ""
[2.610s] -- Up-to-date: /home/fourfold/dev/inmind sessions/inmind-session-7/turtlebot-navigation/install/custom_interfaces/share/ament_index/resource_index/rosidl_interfaces/custom_interfaces
[2.610s] -- Up-to-date: /home/fourfold/dev/inmind sessions/inmind-session-7/turtlebot-navigation/install/custom_interfaces/include/custom_interfaces/custom_interfaces
[2.610s] -- Up-to-date: /home/fourfold/dev/inmind sessions/inmind-session-7/turtlebot-navigation/install/custom_interfaces/include/custom_interfaces/custom_interfaces/msg
[2.610s] -- Up-to-date: /home/fourfold/dev/inmind sessions/inmind-session-7/turtlebot-navigation/install/custom_interfaces/include/custom_interfaces/custom_interfaces/msg/rosidl_generator_c__visibility_control.h
[2.610s] -- Up-to-date: /home/fourfold/dev/inmind sessions/inmind-session-7/turtlebot-navigation/install/custom_interfaces/include/custom_interfaces/custom_interfaces/action
[2.610s] -- Installing: /home/fourfold/dev/inmind sessions/inmind-session-7/turtlebot-navigation/install/custom_interfaces/include/custom_interfaces/custom_interfaces/action/measure_lap_time.h
[2.610s] -- Up-to-date: /home/fourfold/dev/inmind sessions/inmind-session-7/turtlebot-navigation/install/custom_interfaces/include/custom_interfaces/custom_interfaces/action/detail
[2.611s] -- Installing: /home/fourfold/dev/inmind sessions/inmind-session-7/turtlebot-navigation/install/custom_interfaces/include/custom_interfaces/custom_interfaces/action/detail/measure_lap_time__struct.h
[2.611s] -- Installing: /home/fourfold/dev/inmind sessions/inmind-session-7/turtlebot-navigation/install/custom_interfaces/include/custom_interfaces/custom_interfaces/action/detail/measure_lap_time__functions.c
[2.611s] -- Installing: /home/fourfold/dev/inmind sessions/inmind-session-7/turtlebot-navigation/install/custom_interfaces/include/custom_interfaces/custom_interfaces/action/detail/measure_lap_time__functions.h
[2.611s] -- Installing: /home/fourfold/dev/inmind sessions/inmind-session-7/turtlebot-navigation/install/custom_interfaces/include/custom_interfaces/custom_interfaces/action/detail/measure_lap_time__type_support.h
[2.611s] -- Up-to-date: /home/fourfold/dev/inmind sessions/inmind-session-7/turtlebot-navigation/install/custom_interfaces/include/custom_interfaces/custom_interfaces/srv
[2.611s] -- Up-to-date: /home/fourfold/dev/inmind sessions/inmind-session-7/turtlebot-navigation/install/custom_interfaces/include/custom_interfaces/custom_interfaces/srv/detail
[2.611s] -- Installing: /home/fourfold/dev/inmind sessions/inmind-session-7/turtlebot-navigation/install/custom_interfaces/include/custom_interfaces/custom_interfaces/srv/detail/find_closest_wall__struct.h
[2.612s] -- Installing: /home/fourfold/dev/inmind sessions/inmind-session-7/turtlebot-navigation/install/custom_interfaces/include/custom_interfaces/custom_interfaces/srv/detail/find_closest_wall__functions.h
[2.612s] -- Installing: /home/fourfold/dev/inmind sessions/inmind-session-7/turtlebot-navigation/install/custom_interfaces/include/custom_interfaces/custom_interfaces/srv/detail/find_closest_wall__functions.c
[2.612s] -- Installing: /home/fourfold/dev/inmind sessions/inmind-session-7/turtlebot-navigation/install/custom_interfaces/include/custom_interfaces/custom_interfaces/srv/detail/find_closest_wall__type_support.h
[2.612s] -- Installing: /home/fourfold/dev/inmind sessions/inmind-session-7/turtlebot-navigation/install/custom_interfaces/include/custom_interfaces/custom_interfaces/srv/find_closest_wall.h
[2.612s] -- Up-to-date: /home/fourfold/dev/inmind sessions/inmind-session-7/turtlebot-navigation/install/custom_interfaces/share/custom_interfaces/environment/library_path.sh
[2.612s] -- Installing: /home/fourfold/dev/inmind sessions/inmind-session-7/turtlebot-navigation/install/custom_interfaces/share/custom_interfaces/environment/library_path.dsv
[2.612s] -- Installing: /home/fourfold/dev/inmind sessions/inmind-session-7/turtlebot-navigation/install/custom_interfaces/lib/libcustom_interfaces__rosidl_generator_c.so
[2.613s] -- Set runtime path of "/home/fourfold/dev/inmind sessions/inmind-session-7/turtlebot-navigation/install/custom_interfaces/lib/libcustom_interfaces__rosidl_generator_c.so" to ""
[2.613s] -- Up-to-date: /home/fourfold/dev/inmind sessions/inmind-session-7/turtlebot-navigation/install/custom_interfaces/include/custom_interfaces/custom_interfaces
[2.613s] -- Up-to-date: /home/fourfold/dev/inmind sessions/inmind-session-7/turtlebot-navigation/install/custom_interfaces/include/custom_interfaces/custom_interfaces/msg
[2.613s] -- Up-to-date: /home/fourfold/dev/inmind sessions/inmind-session-7/turtlebot-navigation/install/custom_interfaces/include/custom_interfaces/custom_interfaces/msg/rosidl_typesupport_fastrtps_c__visibility_control.h
[2.613s] -- Up-to-date: /home/fourfold/dev/inmind sessions/inmind-session-7/turtlebot-navigation/install/custom_interfaces/include/custom_interfaces/custom_interfaces/action
[2.613s] -- Up-to-date: /home/fourfold/dev/inmind sessions/inmind-session-7/turtlebot-navigation/install/custom_interfaces/include/custom_interfaces/custom_interfaces/action/detail
[2.613s] -- Installing: /home/fourfold/dev/inmind sessions/inmind-session-7/turtlebot-navigation/install/custom_interfaces/include/custom_interfaces/custom_interfaces/action/detail/measure_lap_time__rosidl_typesupport_fastrtps_c.h
[2.613s] -- Up-to-date: /home/fourfold/dev/inmind sessions/inmind-session-7/turtlebot-navigation/install/custom_interfaces/include/custom_interfaces/custom_interfaces/srv
[2.613s] -- Up-to-date: /home/fourfold/dev/inmind sessions/inmind-session-7/turtlebot-navigation/install/custom_interfaces/include/custom_interfaces/custom_interfaces/srv/detail
[2.613s] -- Installing: /home/fourfold/dev/inmind sessions/inmind-session-7/turtlebot-navigation/install/custom_interfaces/include/custom_interfaces/custom_interfaces/srv/detail/find_closest_wall__rosidl_typesupport_fastrtps_c.h
[2.613s] -- Installing: /home/fourfold/dev/inmind sessions/inmind-session-7/turtlebot-navigation/install/custom_interfaces/lib/libcustom_interfaces__rosidl_typesupport_fastrtps_c.so
[2.613s] -- Set runtime path of "/home/fourfold/dev/inmind sessions/inmind-session-7/turtlebot-navigation/install/custom_interfaces/lib/libcustom_interfaces__rosidl_typesupport_fastrtps_c.so" to ""
[2.613s] -- Up-to-date: /home/fourfold/dev/inmind sessions/inmind-session-7/turtlebot-navigation/install/custom_interfaces/include/custom_interfaces/custom_interfaces
[2.613s] -- Up-to-date: /home/fourfold/dev/inmind sessions/inmind-session-7/turtlebot-navigation/install/custom_interfaces/include/custom_interfaces/custom_interfaces/msg
[2.613s] -- Up-to-date: /home/fourfold/dev/inmind sessions/inmind-session-7/turtlebot-navigation/install/custom_interfaces/include/custom_interfaces/custom_interfaces/msg/rosidl_typesupport_introspection_c__visibility_control.h
[2.613s] -- Up-to-date: /home/fourfold/dev/inmind sessions/inmind-session-7/turtlebot-navigation/install/custom_interfaces/include/custom_interfaces/custom_interfaces/action
[2.614s] -- Up-to-date: /home/fourfold/dev/inmind sessions/inmind-session-7/turtlebot-navigation/install/custom_interfaces/include/custom_interfaces/custom_interfaces/action/detail
[2.614s] -- Installing: /home/fourfold/dev/inmind sessions/inmind-session-7/turtlebot-navigation/install/custom_interfaces/include/custom_interfaces/custom_interfaces/action/detail/measure_lap_time__rosidl_typesupport_introspection_c.h
[2.614s] -- Installing: /home/fourfold/dev/inmind sessions/inmind-session-7/turtlebot-navigation/install/custom_interfaces/include/custom_interfaces/custom_interfaces/action/detail/measure_lap_time__type_support.c
[2.614s] -- Up-to-date: /home/fourfold/dev/inmind sessions/inmind-session-7/turtlebot-navigation/install/custom_interfaces/include/custom_interfaces/custom_interfaces/srv
[2.614s] -- Up-to-date: /home/fourfold/dev/inmind sessions/inmind-session-7/turtlebot-navigation/install/custom_interfaces/include/custom_interfaces/custom_interfaces/srv/detail
[2.614s] -- Installing: /home/fourfold/dev/inmind sessions/inmind-session-7/turtlebot-navigation/install/custom_interfaces/include/custom_interfaces/custom_interfaces/srv/detail/find_closest_wall__type_support.c
[2.614s] -- Installing: /home/fourfold/dev/inmind sessions/inmind-session-7/turtlebot-navigation/install/custom_interfaces/include/custom_interfaces/custom_interfaces/srv/detail/find_closest_wall__rosidl_typesupport_introspection_c.h
[2.614s] -- Installing: /home/fourfold/dev/inmind sessions/inmind-session-7/turtlebot-navigation/install/custom_interfaces/lib/libcustom_interfaces__rosidl_typesupport_introspection_c.so
[2.614s] -- Set runtime path of "/home/fourfold/dev/inmind sessions/inmind-session-7/turtlebot-navigation/install/custom_interfaces/lib/libcustom_interfaces__rosidl_typesupport_introspection_c.so" to ""
[2.614s] -- Installing: /home/fourfold/dev/inmind sessions/inmind-session-7/turtlebot-navigation/install/custom_interfaces/lib/libcustom_interfaces__rosidl_typesupport_c.so
[2.614s] -- Set runtime path of "/home/fourfold/dev/inmind sessions/inmind-session-7/turtlebot-navigation/install/custom_interfaces/lib/libcustom_interfaces__rosidl_typesupport_c.so" to ""
[2.614s] -- Up-to-date: /home/fourfold/dev/inmind sessions/inmind-session-7/turtlebot-navigation/install/custom_interfaces/include/custom_interfaces/custom_interfaces
[2.614s] -- Up-to-date: /home/fourfold/dev/inmind sessions/inmind-session-7/turtlebot-navigation/install/custom_interfaces/include/custom_interfaces/custom_interfaces/action
[2.614s] -- Up-to-date: /home/fourfold/dev/inmind sessions/inmind-session-7/turtlebot-navigation/install/custom_interfaces/include/custom_interfaces/custom_interfaces/action/detail
[2.614s] -- Installing: /home/fourfold/dev/inmind sessions/inmind-session-7/turtlebot-navigation/install/custom_interfaces/include/custom_interfaces/custom_interfaces/action/detail/measure_lap_time__builder.hpp
[2.614s] -- Installing: /home/fourfold/dev/inmind sessions/inmind-session-7/turtlebot-navigation/install/custom_interfaces/include/custom_interfaces/custom_interfaces/action/detail/measure_lap_time__struct.hpp
[2.614s] -- Installing: /home/fourfold/dev/inmind sessions/inmind-session-7/turtlebot-navigation/install/custom_interfaces/include/custom_interfaces/custom_interfaces/action/detail/measure_lap_time__traits.hpp
[2.614s] -- Installing: /home/fourfold/dev/inmind sessions/inmind-session-7/turtlebot-navigation/install/custom_interfaces/include/custom_interfaces/custom_interfaces/action/measure_lap_time.hpp
[2.614s] -- Up-to-date: /home/fourfold/dev/inmind sessions/inmind-session-7/turtlebot-navigation/install/custom_interfaces/include/custom_interfaces/custom_interfaces/srv
[2.614s] -- Installing: /home/fourfold/dev/inmind sessions/inmind-session-7/turtlebot-navigation/install/custom_interfaces/include/custom_interfaces/custom_interfaces/srv/find_closest_wall.hpp
[2.614s] -- Up-to-date: /home/fourfold/dev/inmind sessions/inmind-session-7/turtlebot-navigation/install/custom_interfaces/include/custom_interfaces/custom_interfaces/srv/detail
[2.615s] -- Installing: /home/fourfold/dev/inmind sessions/inmind-session-7/turtlebot-navigation/install/custom_interfaces/include/custom_interfaces/custom_interfaces/srv/detail/find_closest_wall__struct.hpp
[2.615s] -- Installing: /home/fourfold/dev/inmind sessions/inmind-session-7/turtlebot-navigation/install/custom_interfaces/include/custom_interfaces/custom_interfaces/srv/detail/find_closest_wall__builder.hpp
[2.615s] -- Installing: /home/fourfold/dev/inmind sessions/inmind-session-7/turtlebot-navigation/install/custom_interfaces/include/custom_interfaces/custom_interfaces/srv/detail/find_closest_wall__traits.hpp
[2.615s] -- Up-to-date: /home/fourfold/dev/inmind sessions/inmind-session-7/turtlebot-navigation/install/custom_interfaces/include/custom_interfaces/custom_interfaces
[2.615s] -- Up-to-date: /home/fourfold/dev/inmind sessions/inmind-session-7/turtlebot-navigation/install/custom_interfaces/include/custom_interfaces/custom_interfaces/msg
[2.615s] -- Up-to-date: /home/fourfold/dev/inmind sessions/inmind-session-7/turtlebot-navigation/install/custom_interfaces/include/custom_interfaces/custom_interfaces/msg/rosidl_typesupport_fastrtps_cpp__visibility_control.h
[2.615s] -- Up-to-date: /home/fourfold/dev/inmind sessions/inmind-session-7/turtlebot-navigation/install/custom_interfaces/include/custom_interfaces/custom_interfaces/action
[2.615s] -- Up-to-date: /home/fourfold/dev/inmind sessions/inmind-session-7/turtlebot-navigation/install/custom_interfaces/include/custom_interfaces/custom_interfaces/action/detail
[2.615s] -- Up-to-date: /home/fourfold/dev/inmind sessions/inmind-session-7/turtlebot-navigation/install/custom_interfaces/include/custom_interfaces/custom_interfaces/action/detail/dds_fastrtps
[2.615s] -- Installing: /home/fourfold/dev/inmind sessions/inmind-session-7/turtlebot-navigation/install/custom_interfaces/include/custom_interfaces/custom_interfaces/action/detail/measure_lap_time__rosidl_typesupport_fastrtps_cpp.hpp
[2.615s] -- Up-to-date: /home/fourfold/dev/inmind sessions/inmind-session-7/turtlebot-navigation/install/custom_interfaces/include/custom_interfaces/custom_interfaces/srv
[2.615s] -- Up-to-date: /home/fourfold/dev/inmind sessions/inmind-session-7/turtlebot-navigation/install/custom_interfaces/include/custom_interfaces/custom_interfaces/srv/detail
[2.615s] -- Installing: /home/fourfold/dev/inmind sessions/inmind-session-7/turtlebot-navigation/install/custom_interfaces/include/custom_interfaces/custom_interfaces/srv/detail/find_closest_wall__rosidl_typesupport_fastrtps_cpp.hpp
[2.615s] -- Up-to-date: /home/fourfold/dev/inmind sessions/inmind-session-7/turtlebot-navigation/install/custom_interfaces/include/custom_interfaces/custom_interfaces/srv/detail/dds_fastrtps
[2.615s] -- Installing: /home/fourfold/dev/inmind sessions/inmind-session-7/turtlebot-navigation/install/custom_interfaces/lib/libcustom_interfaces__rosidl_typesupport_fastrtps_cpp.so
[2.615s] -- Set runtime path of "/home/fourfold/dev/inmind sessions/inmind-session-7/turtlebot-navigation/install/custom_interfaces/lib/libcustom_interfaces__rosidl_typesupport_fastrtps_cpp.so" to ""
[2.615s] -- Up-to-date: /home/fourfold/dev/inmind sessions/inmind-session-7/turtlebot-navigation/install/custom_interfaces/include/custom_interfaces/custom_interfaces
[2.615s] -- Up-to-date: /home/fourfold/dev/inmind sessions/inmind-session-7/turtlebot-navigation/install/custom_interfaces/include/custom_interfaces/custom_interfaces/action
[2.615s] -- Up-to-date: /home/fourfold/dev/inmind sessions/inmind-session-7/turtlebot-navigation/install/custom_interfaces/include/custom_interfaces/custom_interfaces/action/detail
[2.615s] -- Installing: /home/fourfold/dev/inmind sessions/inmind-session-7/turtlebot-navigation/install/custom_interfaces/include/custom_interfaces/custom_interfaces/action/detail/measure_lap_time__rosidl_typesupport_introspection_cpp.hpp
[2.615s] -- Installing: /home/fourfold/dev/inmind sessions/inmind-session-7/turtlebot-navigation/install/custom_interfaces/include/custom_interfaces/custom_interfaces/action/detail/measure_lap_time__type_support.cpp
[2.616s] -- Up-to-date: /home/fourfold/dev/inmind sessions/inmind-session-7/turtlebot-navigation/install/custom_interfaces/include/custom_interfaces/custom_interfaces/srv
[2.616s] -- Up-to-date: /home/fourfold/dev/inmind sessions/inmind-session-7/turtlebot-navigation/install/custom_interfaces/include/custom_interfaces/custom_interfaces/srv/detail
[2.616s] -- Installing: /home/fourfold/dev/inmind sessions/inmind-session-7/turtlebot-navigation/install/custom_interfaces/include/custom_interfaces/custom_interfaces/srv/detail/find_closest_wall__rosidl_typesupport_introspection_cpp.hpp
[2.616s] -- Installing: /home/fourfold/dev/inmind sessions/inmind-session-7/turtlebot-navigation/install/custom_interfaces/include/custom_interfaces/custom_interfaces/srv/detail/find_closest_wall__type_support.cpp
[2.616s] -- Installing: /home/fourfold/dev/inmind sessions/inmind-session-7/turtlebot-navigation/install/custom_interfaces/lib/libcustom_interfaces__rosidl_typesupport_introspection_cpp.so
[2.616s] -- Set runtime path of "/home/fourfold/dev/inmind sessions/inmind-session-7/turtlebot-navigation/install/custom_interfaces/lib/libcustom_interfaces__rosidl_typesupport_introspection_cpp.so" to ""
[2.616s] -- Installing: /home/fourfold/dev/inmind sessions/inmind-session-7/turtlebot-navigation/install/custom_interfaces/lib/libcustom_interfaces__rosidl_typesupport_cpp.so
[2.616s] -- Set runtime path of "/home/fourfold/dev/inmind sessions/inmind-session-7/turtlebot-navigation/install/custom_interfaces/lib/libcustom_interfaces__rosidl_typesupport_cpp.so" to ""
[2.616s] -- Up-to-date: /home/fourfold/dev/inmind sessions/inmind-session-7/turtlebot-navigation/install/custom_interfaces/share/custom_interfaces/environment/pythonpath.sh
[2.617s] -- Installing: /home/fourfold/dev/inmind sessions/inmind-session-7/turtlebot-navigation/install/custom_interfaces/share/custom_interfaces/environment/pythonpath.dsv
[2.617s] -- Up-to-date: /home/fourfold/dev/inmind sessions/inmind-session-7/turtlebot-navigation/install/custom_interfaces/local/lib/python3.10/dist-packages/custom_interfaces-0.0.0-py3.10.egg-info
[2.617s] -- Installing: /home/fourfold/dev/inmind sessions/inmind-session-7/turtlebot-navigation/install/custom_interfaces/local/lib/python3.10/dist-packages/custom_interfaces-0.0.0-py3.10.egg-info/SOURCES.txt
[2.617s] -- Installing: /home/fourfold/dev/inmind sessions/inmind-session-7/turtlebot-navigation/install/custom_interfaces/local/lib/python3.10/dist-packages/custom_interfaces-0.0.0-py3.10.egg-info/top_level.txt
[2.617s] -- Installing: /home/fourfold/dev/inmind sessions/inmind-session-7/turtlebot-navigation/install/custom_interfaces/local/lib/python3.10/dist-packages/custom_interfaces-0.0.0-py3.10.egg-info/PKG-INFO
[2.617s] -- Installing: /home/fourfold/dev/inmind sessions/inmind-session-7/turtlebot-navigation/install/custom_interfaces/local/lib/python3.10/dist-packages/custom_interfaces-0.0.0-py3.10.egg-info/dependency_links.txt
[2.617s] -- Up-to-date: /home/fourfold/dev/inmind sessions/inmind-session-7/turtlebot-navigation/install/custom_interfaces/local/lib/python3.10/dist-packages/custom_interfaces
[2.617s] -- Installing: /home/fourfold/dev/inmind sessions/inmind-session-7/turtlebot-navigation/install/custom_interfaces/local/lib/python3.10/dist-packages/custom_interfaces/_custom_interfaces_s.ep.rosidl_typesupport_c.c
[2.617s] -- Installing: /home/fourfold/dev/inmind sessions/inmind-session-7/turtlebot-navigation/install/custom_interfaces/local/lib/python3.10/dist-packages/custom_interfaces/custom_interfaces_s__rosidl_typesupport_c.cpython-310-x86_64-linux-gnu.so
[2.617s] -- Installing: /home/fourfold/dev/inmind sessions/inmind-session-7/turtlebot-navigation/install/custom_interfaces/local/lib/python3.10/dist-packages/custom_interfaces/custom_interfaces_s__rosidl_typesupport_introspection_c.cpython-310-x86_64-linux-gnu.so
[2.617s] -- Installing: /home/fourfold/dev/inmind sessions/inmind-session-7/turtlebot-navigation/install/custom_interfaces/local/lib/python3.10/dist-packages/custom_interfaces/_custom_interfaces_s.ep.rosidl_typesupport_fastrtps_c.c
[2.617s] -- Installing: /home/fourfold/dev/inmind sessions/inmind-session-7/turtlebot-navigation/install/custom_interfaces/local/lib/python3.10/dist-packages/custom_interfaces/custom_interfaces_s__rosidl_typesupport_fastrtps_c.cpython-310-x86_64-linux-gnu.so
[2.617s] -- Up-to-date: /home/fourfold/dev/inmind sessions/inmind-session-7/turtlebot-navigation/install/custom_interfaces/local/lib/python3.10/dist-packages/custom_interfaces/action
[2.617s] -- Installing: /home/fourfold/dev/inmind sessions/inmind-session-7/turtlebot-navigation/install/custom_interfaces/local/lib/python3.10/dist-packages/custom_interfaces/action/_measure_lap_time_s.c
[2.617s] -- Installing: /home/fourfold/dev/inmind sessions/inmind-session-7/turtlebot-navigation/install/custom_interfaces/local/lib/python3.10/dist-packages/custom_interfaces/action/_measure_lap_time.py
[2.617s] -- Installing: /home/fourfold/dev/inmind sessions/inmind-session-7/turtlebot-navigation/install/custom_interfaces/local/lib/python3.10/dist-packages/custom_interfaces/action/__init__.py
[2.617s] -- Installing: /home/fourfold/dev/inmind sessions/inmind-session-7/turtlebot-navigation/install/custom_interfaces/local/lib/python3.10/dist-packages/custom_interfaces/libcustom_interfaces__rosidl_generator_py.so
[2.617s] -- Up-to-date: /home/fourfold/dev/inmind sessions/inmind-session-7/turtlebot-navigation/install/custom_interfaces/local/lib/python3.10/dist-packages/custom_interfaces/srv
[2.617s] -- Installing: /home/fourfold/dev/inmind sessions/inmind-session-7/turtlebot-navigation/install/custom_interfaces/local/lib/python3.10/dist-packages/custom_interfaces/srv/_find_closest_wall_s.c
[2.617s] -- Installing: /home/fourfold/dev/inmind sessions/inmind-session-7/turtlebot-navigation/install/custom_interfaces/local/lib/python3.10/dist-packages/custom_interfaces/srv/_find_closest_wall.py
[2.618s] -- Installing: /home/fourfold/dev/inmind sessions/inmind-session-7/turtlebot-navigation/install/custom_interfaces/local/lib/python3.10/dist-packages/custom_interfaces/srv/__init__.py
[2.618s] -- Installing: /home/fourfold/dev/inmind sessions/inmind-session-7/turtlebot-navigation/install/custom_interfaces/local/lib/python3.10/dist-packages/custom_interfaces/__init__.py
[2.618s] -- Installing: /home/fourfold/dev/inmind sessions/inmind-session-7/turtlebot-navigation/install/custom_interfaces/local/lib/python3.10/dist-packages/custom_interfaces/_custom_interfaces_s.ep.rosidl_typesupport_introspection_c.c
[2.643s] Listing '/home/fourfold/dev/inmind sessions/inmind-session-7/turtlebot-navigation/install/custom_interfaces/local/lib/python3.10/dist-packages/custom_interfaces'...
[2.643s] Compiling '/home/fourfold/dev/inmind sessions/inmind-session-7/turtlebot-navigation/install/custom_interfaces/local/lib/python3.10/dist-packages/custom_interfaces/__init__.py'...
[2.643s] Listing '/home/fourfold/dev/inmind sessions/inmind-session-7/turtlebot-navigation/install/custom_interfaces/local/lib/python3.10/dist-packages/custom_interfaces/action'...
[2.643s] Compiling '/home/fourfold/dev/inmind sessions/inmind-session-7/turtlebot-navigation/install/custom_interfaces/local/lib/python3.10/dist-packages/custom_interfaces/action/__init__.py'...
[2.643s] Compiling '/home/fourfold/dev/inmind sessions/inmind-session-7/turtlebot-navigation/install/custom_interfaces/local/lib/python3.10/dist-packages/custom_interfaces/action/_measure_lap_time.py'...
[2.644s] Listing '/home/fourfold/dev/inmind sessions/inmind-session-7/turtlebot-navigation/install/custom_interfaces/local/lib/python3.10/dist-packages/custom_interfaces/srv'...
[2.644s] Compiling '/home/fourfold/dev/inmind sessions/inmind-session-7/turtlebot-navigation/install/custom_interfaces/local/lib/python3.10/dist-packages/custom_interfaces/srv/__init__.py'...
[2.644s] Compiling '/home/fourfold/dev/inmind sessions/inmind-session-7/turtlebot-navigation/install/custom_interfaces/local/lib/python3.10/dist-packages/custom_interfaces/srv/_find_closest_wall.py'...
[2.646s] -- Installing: /home/fourfold/dev/inmind sessions/inmind-session-7/turtlebot-navigation/install/custom_interfaces/local/lib/python3.10/dist-packages/custom_interfaces/custom_interfaces_s__rosidl_typesupport_fastrtps_c.cpython-310-x86_64-linux-gnu.so
[2.647s] -- Set runtime path of "/home/fourfold/dev/inmind sessions/inmind-session-7/turtlebot-navigation/install/custom_interfaces/local/lib/python3.10/dist-packages/custom_interfaces/custom_interfaces_s__rosidl_typesupport_fastrtps_c.cpython-310-x86_64-linux-gnu.so" to ""
[2.647s] -- Installing: /home/fourfold/dev/inmind sessions/inmind-session-7/turtlebot-navigation/install/custom_interfaces/local/lib/python3.10/dist-packages/custom_interfaces/custom_interfaces_s__rosidl_typesupport_introspection_c.cpython-310-x86_64-linux-gnu.so
[2.647s] -- Set runtime path of "/home/fourfold/dev/inmind sessions/inmind-session-7/turtlebot-navigation/install/custom_interfaces/local/lib/python3.10/dist-packages/custom_interfaces/custom_interfaces_s__rosidl_typesupport_introspection_c.cpython-310-x86_64-linux-gnu.so" to ""
[2.647s] -- Installing: /home/fourfold/dev/inmind sessions/inmind-session-7/turtlebot-navigation/install/custom_interfaces/local/lib/python3.10/dist-packages/custom_interfaces/custom_interfaces_s__rosidl_typesupport_c.cpython-310-x86_64-linux-gnu.so
[2.647s] -- Set runtime path of "/home/fourfold/dev/inmind sessions/inmind-session-7/turtlebot-navigation/install/custom_interfaces/local/lib/python3.10/dist-packages/custom_interfaces/custom_interfaces_s__rosidl_typesupport_c.cpython-310-x86_64-linux-gnu.so" to ""
[2.647s] -- Installing: /home/fourfold/dev/inmind sessions/inmind-session-7/turtlebot-navigation/install/custom_interfaces/lib/libcustom_interfaces__rosidl_generator_py.so
[2.647s] -- Set runtime path of "/home/fourfold/dev/inmind sessions/inmind-session-7/turtlebot-navigation/install/custom_interfaces/lib/libcustom_interfaces__rosidl_generator_py.so" to ""
[2.647s] -- Up-to-date: /home/fourfold/dev/inmind sessions/inmind-session-7/turtlebot-navigation/install/custom_interfaces/share/custom_interfaces/srv/FindClosestWall.idl
[2.647s] -- Installing: /home/fourfold/dev/inmind sessions/inmind-session-7/turtlebot-navigation/install/custom_interfaces/share/custom_interfaces/action/MeasureLapTime.idl
[2.647s] -- Up-to-date: /home/fourfold/dev/inmind sessions/inmind-session-7/turtlebot-navigation/install/custom_interfaces/share/custom_interfaces/srv/FindClosestWall.srv
[2.647s] -- Up-to-date: /home/fourfold/dev/inmind sessions/inmind-session-7/turtlebot-navigation/install/custom_interfaces/share/custom_interfaces/srv/FindClosestWall_Request.msg
[2.647s] -- Up-to-date: /home/fourfold/dev/inmind sessions/inmind-session-7/turtlebot-navigation/install/custom_interfaces/share/custom_interfaces/srv/FindClosestWall_Response.msg
[2.647s] -- Installing: /home/fourfold/dev/inmind sessions/inmind-session-7/turtlebot-navigation/install/custom_interfaces/share/custom_interfaces/action/MeasureLapTime.action
[2.647s] -- Up-to-date: /home/fourfold/dev/inmind sessions/inmind-session-7/turtlebot-navigation/install/custom_interfaces/share/ament_index/resource_index/package_run_dependencies/custom_interfaces
[2.648s] -- Up-to-date: /home/fourfold/dev/inmind sessions/inmind-session-7/turtlebot-navigation/install/custom_interfaces/share/ament_index/resource_index/parent_prefix_path/custom_interfaces
[2.648s] -- Up-to-date: /home/fourfold/dev/inmind sessions/inmind-session-7/turtlebot-navigation/install/custom_interfaces/share/custom_interfaces/environment/ament_prefix_path.sh
[2.648s] -- Installing: /home/fourfold/dev/inmind sessions/inmind-session-7/turtlebot-navigation/install/custom_interfaces/share/custom_interfaces/environment/ament_prefix_path.dsv
[2.648s] -- Up-to-date: /home/fourfold/dev/inmind sessions/inmind-session-7/turtlebot-navigation/install/custom_interfaces/share/custom_interfaces/environment/path.sh
[2.648s] -- Installing: /home/fourfold/dev/inmind sessions/inmind-session-7/turtlebot-navigation/install/custom_interfaces/share/custom_interfaces/environment/path.dsv
[2.648s] -- Up-to-date: /home/fourfold/dev/inmind sessions/inmind-session-7/turtlebot-navigation/install/custom_interfaces/share/custom_interfaces/local_setup.bash
[2.648s] -- Up-to-date: /home/fourfold/dev/inmind sessions/inmind-session-7/turtlebot-navigation/install/custom_interfaces/share/custom_interfaces/local_setup.sh
[2.648s] -- Up-to-date: /home/fourfold/dev/inmind sessions/inmind-session-7/turtlebot-navigation/install/custom_interfaces/share/custom_interfaces/local_setup.zsh
[2.648s] -- Installing: /home/fourfold/dev/inmind sessions/inmind-session-7/turtlebot-navigation/install/custom_interfaces/share/custom_interfaces/local_setup.dsv
[2.648s] -- Installing: /home/fourfold/dev/inmind sessions/inmind-session-7/turtlebot-navigation/install/custom_interfaces/share/custom_interfaces/package.dsv
[2.648s] -- Up-to-date: /home/fourfold/dev/inmind sessions/inmind-session-7/turtlebot-navigation/install/custom_interfaces/share/ament_index/resource_index/packages/custom_interfaces
[2.648s] -- Up-to-date: /home/fourfold/dev/inmind sessions/inmind-session-7/turtlebot-navigation/install/custom_interfaces/share/custom_interfaces/cmake/export_custom_interfaces__rosidl_generator_cExport.cmake
[2.648s] -- Up-to-date: /home/fourfold/dev/inmind sessions/inmind-session-7/turtlebot-navigation/install/custom_interfaces/share/custom_interfaces/cmake/export_custom_interfaces__rosidl_generator_cExport-noconfig.cmake
[2.648s] -- Up-to-date: /home/fourfold/dev/inmind sessions/inmind-session-7/turtlebot-navigation/install/custom_interfaces/share/custom_interfaces/cmake/export_custom_interfaces__rosidl_typesupport_fastrtps_cExport.cmake
[2.648s] -- Up-to-date: /home/fourfold/dev/inmind sessions/inmind-session-7/turtlebot-navigation/install/custom_interfaces/share/custom_interfaces/cmake/export_custom_interfaces__rosidl_typesupport_fastrtps_cExport-noconfig.cmake
[2.649s] -- Up-to-date: /home/fourfold/dev/inmind sessions/inmind-session-7/turtlebot-navigation/install/custom_interfaces/share/custom_interfaces/cmake/custom_interfaces__rosidl_typesupport_introspection_cExport.cmake
[2.649s] -- Up-to-date: /home/fourfold/dev/inmind sessions/inmind-session-7/turtlebot-navigation/install/custom_interfaces/share/custom_interfaces/cmake/custom_interfaces__rosidl_typesupport_introspection_cExport-noconfig.cmake
[2.649s] -- Up-to-date: /home/fourfold/dev/inmind sessions/inmind-session-7/turtlebot-navigation/install/custom_interfaces/share/custom_interfaces/cmake/custom_interfaces__rosidl_typesupport_cExport.cmake
[2.649s] -- Up-to-date: /home/fourfold/dev/inmind sessions/inmind-session-7/turtlebot-navigation/install/custom_interfaces/share/custom_interfaces/cmake/custom_interfaces__rosidl_typesupport_cExport-noconfig.cmake
[2.649s] -- Up-to-date: /home/fourfold/dev/inmind sessions/inmind-session-7/turtlebot-navigation/install/custom_interfaces/share/custom_interfaces/cmake/export_custom_interfaces__rosidl_generator_cppExport.cmake
[2.649s] -- Up-to-date: /home/fourfold/dev/inmind sessions/inmind-session-7/turtlebot-navigation/install/custom_interfaces/share/custom_interfaces/cmake/export_custom_interfaces__rosidl_typesupport_fastrtps_cppExport.cmake
[2.649s] -- Up-to-date: /home/fourfold/dev/inmind sessions/inmind-session-7/turtlebot-navigation/install/custom_interfaces/share/custom_interfaces/cmake/export_custom_interfaces__rosidl_typesupport_fastrtps_cppExport-noconfig.cmake
[2.649s] -- Up-to-date: /home/fourfold/dev/inmind sessions/inmind-session-7/turtlebot-navigation/install/custom_interfaces/share/custom_interfaces/cmake/custom_interfaces__rosidl_typesupport_introspection_cppExport.cmake
[2.649s] -- Up-to-date: /home/fourfold/dev/inmind sessions/inmind-session-7/turtlebot-navigation/install/custom_interfaces/share/custom_interfaces/cmake/custom_interfaces__rosidl_typesupport_introspection_cppExport-noconfig.cmake
[2.649s] -- Up-to-date: /home/fourfold/dev/inmind sessions/inmind-session-7/turtlebot-navigation/install/custom_interfaces/share/custom_interfaces/cmake/custom_interfaces__rosidl_typesupport_cppExport.cmake
[2.649s] -- Up-to-date: /home/fourfold/dev/inmind sessions/inmind-session-7/turtlebot-navigation/install/custom_interfaces/share/custom_interfaces/cmake/custom_interfaces__rosidl_typesupport_cppExport-noconfig.cmake
[2.649s] -- Up-to-date: /home/fourfold/dev/inmind sessions/inmind-session-7/turtlebot-navigation/install/custom_interfaces/share/custom_interfaces/cmake/export_custom_interfaces__rosidl_generator_pyExport.cmake
[2.649s] -- Up-to-date: /home/fourfold/dev/inmind sessions/inmind-session-7/turtlebot-navigation/install/custom_interfaces/share/custom_interfaces/cmake/export_custom_interfaces__rosidl_generator_pyExport-noconfig.cmake
[2.649s] -- Up-to-date: /home/fourfold/dev/inmind sessions/inmind-session-7/turtlebot-navigation/install/custom_interfaces/share/custom_interfaces/cmake/rosidl_cmake-extras.cmake
[2.649s] -- Up-to-date: /home/fourfold/dev/inmind sessions/inmind-session-7/turtlebot-navigation/install/custom_interfaces/share/custom_interfaces/cmake/ament_cmake_export_dependencies-extras.cmake
[2.649s] -- Up-to-date: /home/fourfold/dev/inmind sessions/inmind-session-7/turtlebot-navigation/install/custom_interfaces/share/custom_interfaces/cmake/ament_cmake_export_include_directories-extras.cmake
[2.649s] -- Up-to-date: /home/fourfold/dev/inmind sessions/inmind-session-7/turtlebot-navigation/install/custom_interfaces/share/custom_interfaces/cmake/ament_cmake_export_libraries-extras.cmake
[2.649s] -- Up-to-date: /home/fourfold/dev/inmind sessions/inmind-session-7/turtlebot-navigation/install/custom_interfaces/share/custom_interfaces/cmake/ament_cmake_export_targets-extras.cmake
[2.649s] -- Up-to-date: /home/fourfold/dev/inmind sessions/inmind-session-7/turtlebot-navigation/install/custom_interfaces/share/custom_interfaces/cmake/rosidl_cmake_export_typesupport_targets-extras.cmake
[2.649s] -- Up-to-date: /home/fourfold/dev/inmind sessions/inmind-session-7/turtlebot-navigation/install/custom_interfaces/share/custom_interfaces/cmake/rosidl_cmake_export_typesupport_libraries-extras.cmake
[2.649s] -- Up-to-date: /home/fourfold/dev/inmind sessions/inmind-session-7/turtlebot-navigation/install/custom_interfaces/share/custom_interfaces/cmake/custom_interfacesConfig.cmake
[2.649s] -- Up-to-date: /home/fourfold/dev/inmind sessions/inmind-session-7/turtlebot-navigation/install/custom_interfaces/share/custom_interfaces/cmake/custom_interfacesConfig-version.cmake
[2.649s] -- Up-to-date: /home/fourfold/dev/inmind sessions/inmind-session-7/turtlebot-navigation/install/custom_interfaces/share/custom_interfaces/package.xml
[2.651s] Invoked command in '/home/fourfold/dev/inmind sessions/inmind-session-7/turtlebot-navigation/build/custom_interfaces' returned '0': CMAKE_PREFIX_PATH=${CMAKE_PREFIX_PATH}:/home/fourfold/dev/inmind sessions/inmind-session-7/turtlebot-navigation/install/turtlebot_nav:/opt/ros/humble /usr/bin/cmake --install /home/fourfold/dev/inmind sessions/inmind-session-7/turtlebot-navigation/build/custom_interfaces
