[0.008s] Invoking command in '/home/fourfold/dev/inmind sessions/inmind-session-7/turtlebot-navigation/build/custom_interfaces': CMAKE_PREFIX_PATH=${CMAKE_PREFIX_PATH}:/home/fourfold/dev/inmind sessions/inmind-session-7/turtlebot-navigation/install/turtlebot_nav:/opt/ros/humble /usr/bin/cmake --build /home/fourfold/dev/inmind sessions/inmind-session-7/turtlebot-navigation/build/custom_interfaces -- -j16 -l16
[0.038s] [  3%] Built target custom_interfaces__cpp
[0.038s] [ 12%] Built target custom_interfaces__rosidl_generator_c
[0.043s] [ 12%] Built target ament_cmake_python_copy_custom_interfaces
[0.051s] [ 22%] Built target custom_interfaces__rosidl_typesupport_cpp
[0.053s] [ 32%] Built target custom_interfaces__rosidl_typesupport_fastrtps_cpp
[0.054s] [ 41%] Built target custom_interfaces__rosidl_typesupport_introspection_cpp
[0.055s] [ 51%] Built target custom_interfaces__rosidl_typesupport_introspection_c
[0.055s] [ 61%] Built target custom_interfaces__rosidl_typesupport_c
[0.056s] [ 70%] Built target custom_interfaces__rosidl_typesupport_fastrtps_c
[0.068s] [ 70%] Built target custom_interfaces
[0.080s] [ 74%] Built target custom_interfaces__py
[0.093s] [ 80%] Built target custom_interfaces__rosidl_generator_py
[0.106s] [100%] Built target custom_interfaces__rosidl_typesupport_introspection_c__pyext
[0.106s] [100%] Built target custom_interfaces__rosidl_typesupport_fastrtps_c__pyext
[0.106s] [100%] Built target custom_interfaces__rosidl_typesupport_c__pyext
[0.176s] running egg_info
[0.176s] writing custom_interfaces.egg-info/PKG-INFO
[0.176s] writing dependency_links to custom_interfaces.egg-info/dependency_links.txt
[0.176s] writing top-level names to custom_interfaces.egg-info/top_level.txt
[0.177s] reading manifest file 'custom_interfaces.egg-info/SOURCES.txt'
[0.178s] writing manifest file 'custom_interfaces.egg-info/SOURCES.txt'
[0.193s] [100%] Built target ament_cmake_python_build_custom_interfaces_egg
[0.201s] Invoked command in '/home/fourfold/dev/inmind sessions/inmind-session-7/turtlebot-navigation/build/custom_interfaces' returned '0': CMAKE_PREFIX_PATH=${CMAKE_PREFIX_PATH}:/home/fourfold/dev/inmind sessions/inmind-session-7/turtlebot-navigation/install/turtlebot_nav:/opt/ros/humble /usr/bin/cmake --build /home/fourfold/dev/inmind sessions/inmind-session-7/turtlebot-navigation/build/custom_interfaces -- -j16 -l16
[0.241s] Invoking command in '/home/fourfold/dev/inmind sessions/inmind-session-7/turtlebot-navigation/build/custom_interfaces': CMAKE_PREFIX_PATH=${CMAKE_PREFIX_PATH}:/home/fourfold/dev/inmind sessions/inmind-session-7/turtlebot-navigation/install/turtlebot_nav:/opt/ros/humble /usr/bin/cmake --install /home/fourfold/dev/inmind sessions/inmind-session-7/turtlebot-navigation/build/custom_interfaces
[0.245s] -- Install configuration: ""
[0.245s] -- Up-to-date: /home/fourfold/dev/inmind sessions/inmind-session-7/turtlebot-navigation/install/custom_interfaces/share/ament_index/resource_index/rosidl_interfaces/custom_interfaces
[0.245s] -- Up-to-date: /home/fourfold/dev/inmind sessions/inmind-session-7/turtlebot-navigation/install/custom_interfaces/include/custom_interfaces/custom_interfaces
[0.245s] -- Up-to-date: /home/fourfold/dev/inmind sessions/inmind-session-7/turtlebot-navigation/install/custom_interfaces/include/custom_interfaces/custom_interfaces/msg
[0.246s] -- Up-to-date: /home/fourfold/dev/inmind sessions/inmind-session-7/turtlebot-navigation/install/custom_interfaces/include/custom_interfaces/custom_interfaces/msg/rosidl_generator_c__visibility_control.h
[0.246s] -- Up-to-date: /home/fourfold/dev/inmind sessions/inmind-session-7/turtlebot-navigation/install/custom_interfaces/include/custom_interfaces/custom_interfaces/srv
[0.246s] -- Up-to-date: /home/fourfold/dev/inmind sessions/inmind-session-7/turtlebot-navigation/install/custom_interfaces/include/custom_interfaces/custom_interfaces/srv/detail
[0.246s] -- Up-to-date: /home/fourfold/dev/inmind sessions/inmind-session-7/turtlebot-navigation/install/custom_interfaces/include/custom_interfaces/custom_interfaces/srv/detail/find_closest_wall__struct.h
[0.246s] -- Up-to-date: /home/fourfold/dev/inmind sessions/inmind-session-7/turtlebot-navigation/install/custom_interfaces/include/custom_interfaces/custom_interfaces/srv/detail/find_closest_wall__functions.h
[0.246s] -- Up-to-date: /home/fourfold/dev/inmind sessions/inmind-session-7/turtlebot-navigation/install/custom_interfaces/include/custom_interfaces/custom_interfaces/srv/detail/find_closest_wall__functions.c
[0.246s] -- Up-to-date: /home/fourfold/dev/inmind sessions/inmind-session-7/turtlebot-navigation/install/custom_interfaces/include/custom_interfaces/custom_interfaces/srv/detail/find_closest_wall__type_support.h
[0.246s] -- Up-to-date: /home/fourfold/dev/inmind sessions/inmind-session-7/turtlebot-navigation/install/custom_interfaces/include/custom_interfaces/custom_interfaces/srv/find_closest_wall.h
[0.246s] -- Up-to-date: /home/fourfold/dev/inmind sessions/inmind-session-7/turtlebot-navigation/install/custom_interfaces/share/custom_interfaces/environment/library_path.sh
[0.246s] -- Up-to-date: /home/fourfold/dev/inmind sessions/inmind-session-7/turtlebot-navigation/install/custom_interfaces/share/custom_interfaces/environment/library_path.dsv
[0.246s] -- Up-to-date: /home/fourfold/dev/inmind sessions/inmind-session-7/turtlebot-navigation/install/custom_interfaces/lib/libcustom_interfaces__rosidl_generator_c.so
[0.246s] -- Up-to-date: /home/fourfold/dev/inmind sessions/inmind-session-7/turtlebot-navigation/install/custom_interfaces/include/custom_interfaces/custom_interfaces
[0.246s] -- Up-to-date: /home/fourfold/dev/inmind sessions/inmind-session-7/turtlebot-navigation/install/custom_interfaces/include/custom_interfaces/custom_interfaces/msg
[0.246s] -- Up-to-date: /home/fourfold/dev/inmind sessions/inmind-session-7/turtlebot-navigation/install/custom_interfaces/include/custom_interfaces/custom_interfaces/msg/rosidl_typesupport_fastrtps_c__visibility_control.h
[0.246s] -- Up-to-date: /home/fourfold/dev/inmind sessions/inmind-session-7/turtlebot-navigation/install/custom_interfaces/include/custom_interfaces/custom_interfaces/srv
[0.246s] -- Up-to-date: /home/fourfold/dev/inmind sessions/inmind-session-7/turtlebot-navigation/install/custom_interfaces/include/custom_interfaces/custom_interfaces/srv/detail
[0.246s] -- Up-to-date: /home/fourfold/dev/inmind sessions/inmind-session-7/turtlebot-navigation/install/custom_interfaces/include/custom_interfaces/custom_interfaces/srv/detail/find_closest_wall__rosidl_typesupport_fastrtps_c.h
[0.246s] -- Up-to-date: /home/fourfold/dev/inmind sessions/inmind-session-7/turtlebot-navigation/install/custom_interfaces/lib/libcustom_interfaces__rosidl_typesupport_fastrtps_c.so
[0.247s] -- Up-to-date: /home/fourfold/dev/inmind sessions/inmind-session-7/turtlebot-navigation/install/custom_interfaces/include/custom_interfaces/custom_interfaces
[0.247s] -- Up-to-date: /home/fourfold/dev/inmind sessions/inmind-session-7/turtlebot-navigation/install/custom_interfaces/include/custom_interfaces/custom_interfaces/msg
[0.247s] -- Up-to-date: /home/fourfold/dev/inmind sessions/inmind-session-7/turtlebot-navigation/install/custom_interfaces/include/custom_interfaces/custom_interfaces/msg/rosidl_typesupport_introspection_c__visibility_control.h
[0.247s] -- Up-to-date: /home/fourfold/dev/inmind sessions/inmind-session-7/turtlebot-navigation/install/custom_interfaces/include/custom_interfaces/custom_interfaces/srv
[0.247s] -- Up-to-date: /home/fourfold/dev/inmind sessions/inmind-session-7/turtlebot-navigation/install/custom_interfaces/include/custom_interfaces/custom_interfaces/srv/detail
[0.247s] -- Up-to-date: /home/fourfold/dev/inmind sessions/inmind-session-7/turtlebot-navigation/install/custom_interfaces/include/custom_interfaces/custom_interfaces/srv/detail/find_closest_wall__type_support.c
[0.247s] -- Up-to-date: /home/fourfold/dev/inmind sessions/inmind-session-7/turtlebot-navigation/install/custom_interfaces/include/custom_interfaces/custom_interfaces/srv/detail/find_closest_wall__rosidl_typesupport_introspection_c.h
[0.247s] -- Up-to-date: /home/fourfold/dev/inmind sessions/inmind-session-7/turtlebot-navigation/install/custom_interfaces/lib/libcustom_interfaces__rosidl_typesupport_introspection_c.so
[0.247s] -- Up-to-date: /home/fourfold/dev/inmind sessions/inmind-session-7/turtlebot-navigation/install/custom_interfaces/lib/libcustom_interfaces__rosidl_typesupport_c.so
[0.247s] -- Up-to-date: /home/fourfold/dev/inmind sessions/inmind-session-7/turtlebot-navigation/install/custom_interfaces/include/custom_interfaces/custom_interfaces
[0.247s] -- Up-to-date: /home/fourfold/dev/inmind sessions/inmind-session-7/turtlebot-navigation/install/custom_interfaces/include/custom_interfaces/custom_interfaces/srv
[0.247s] -- Up-to-date: /home/fourfold/dev/inmind sessions/inmind-session-7/turtlebot-navigation/install/custom_interfaces/include/custom_interfaces/custom_interfaces/srv/find_closest_wall.hpp
[0.247s] -- Up-to-date: /home/fourfold/dev/inmind sessions/inmind-session-7/turtlebot-navigation/install/custom_interfaces/include/custom_interfaces/custom_interfaces/srv/detail
[0.247s] -- Up-to-date: /home/fourfold/dev/inmind sessions/inmind-session-7/turtlebot-navigation/install/custom_interfaces/include/custom_interfaces/custom_interfaces/srv/detail/find_closest_wall__struct.hpp
[0.247s] -- Up-to-date: /home/fourfold/dev/inmind sessions/inmind-session-7/turtlebot-navigation/install/custom_interfaces/include/custom_interfaces/custom_interfaces/srv/detail/find_closest_wall__builder.hpp
[0.247s] -- Up-to-date: /home/fourfold/dev/inmind sessions/inmind-session-7/turtlebot-navigation/install/custom_interfaces/include/custom_interfaces/custom_interfaces/srv/detail/find_closest_wall__traits.hpp
[0.247s] -- Up-to-date: /home/fourfold/dev/inmind sessions/inmind-session-7/turtlebot-navigation/install/custom_interfaces/include/custom_interfaces/custom_interfaces
[0.247s] -- Up-to-date: /home/fourfold/dev/inmind sessions/inmind-session-7/turtlebot-navigation/install/custom_interfaces/include/custom_interfaces/custom_interfaces/msg
[0.247s] -- Up-to-date: /home/fourfold/dev/inmind sessions/inmind-session-7/turtlebot-navigation/install/custom_interfaces/include/custom_interfaces/custom_interfaces/msg/rosidl_typesupport_fastrtps_cpp__visibility_control.h
[0.247s] -- Up-to-date: /home/fourfold/dev/inmind sessions/inmind-session-7/turtlebot-navigation/install/custom_interfaces/include/custom_interfaces/custom_interfaces/srv
[0.247s] -- Up-to-date: /home/fourfold/dev/inmind sessions/inmind-session-7/turtlebot-navigation/install/custom_interfaces/include/custom_interfaces/custom_interfaces/srv/detail
[0.247s] -- Up-to-date: /home/fourfold/dev/inmind sessions/inmind-session-7/turtlebot-navigation/install/custom_interfaces/include/custom_interfaces/custom_interfaces/srv/detail/find_closest_wall__rosidl_typesupport_fastrtps_cpp.hpp
[0.247s] -- Up-to-date: /home/fourfold/dev/inmind sessions/inmind-session-7/turtlebot-navigation/install/custom_interfaces/include/custom_interfaces/custom_interfaces/srv/detail/dds_fastrtps
[0.248s] -- Up-to-date: /home/fourfold/dev/inmind sessions/inmind-session-7/turtlebot-navigation/install/custom_interfaces/lib/libcustom_interfaces__rosidl_typesupport_fastrtps_cpp.so
[0.248s] -- Up-to-date: /home/fourfold/dev/inmind sessions/inmind-session-7/turtlebot-navigation/install/custom_interfaces/include/custom_interfaces/custom_interfaces
[0.248s] -- Up-to-date: /home/fourfold/dev/inmind sessions/inmind-session-7/turtlebot-navigation/install/custom_interfaces/include/custom_interfaces/custom_interfaces/srv
[0.248s] -- Up-to-date: /home/fourfold/dev/inmind sessions/inmind-session-7/turtlebot-navigation/install/custom_interfaces/include/custom_interfaces/custom_interfaces/srv/detail
[0.248s] -- Up-to-date: /home/fourfold/dev/inmind sessions/inmind-session-7/turtlebot-navigation/install/custom_interfaces/include/custom_interfaces/custom_interfaces/srv/detail/find_closest_wall__rosidl_typesupport_introspection_cpp.hpp
[0.248s] -- Up-to-date: /home/fourfold/dev/inmind sessions/inmind-session-7/turtlebot-navigation/install/custom_interfaces/include/custom_interfaces/custom_interfaces/srv/detail/find_closest_wall__type_support.cpp
[0.248s] -- Up-to-date: /home/fourfold/dev/inmind sessions/inmind-session-7/turtlebot-navigation/install/custom_interfaces/lib/libcustom_interfaces__rosidl_typesupport_introspection_cpp.so
[0.248s] -- Up-to-date: /home/fourfold/dev/inmind sessions/inmind-session-7/turtlebot-navigation/install/custom_interfaces/lib/libcustom_interfaces__rosidl_typesupport_cpp.so
[0.248s] -- Up-to-date: /home/fourfold/dev/inmind sessions/inmind-session-7/turtlebot-navigation/install/custom_interfaces/share/custom_interfaces/environment/pythonpath.sh
[0.248s] -- Up-to-date: /home/fourfold/dev/inmind sessions/inmind-session-7/turtlebot-navigation/install/custom_interfaces/share/custom_interfaces/environment/pythonpath.dsv
[0.248s] -- Up-to-date: /home/fourfold/dev/inmind sessions/inmind-session-7/turtlebot-navigation/install/custom_interfaces/local/lib/python3.10/dist-packages/custom_interfaces-0.0.0-py3.10.egg-info
[0.248s] -- Installing: /home/fourfold/dev/inmind sessions/inmind-session-7/turtlebot-navigation/install/custom_interfaces/local/lib/python3.10/dist-packages/custom_interfaces-0.0.0-py3.10.egg-info/SOURCES.txt
[0.248s] -- Installing: /home/fourfold/dev/inmind sessions/inmind-session-7/turtlebot-navigation/install/custom_interfaces/local/lib/python3.10/dist-packages/custom_interfaces-0.0.0-py3.10.egg-info/top_level.txt
[0.248s] -- Installing: /home/fourfold/dev/inmind sessions/inmind-session-7/turtlebot-navigation/install/custom_interfaces/local/lib/python3.10/dist-packages/custom_interfaces-0.0.0-py3.10.egg-info/PKG-INFO
[0.248s] -- Installing: /home/fourfold/dev/inmind sessions/inmind-session-7/turtlebot-navigation/install/custom_interfaces/local/lib/python3.10/dist-packages/custom_interfaces-0.0.0-py3.10.egg-info/dependency_links.txt
[0.248s] -- Up-to-date: /home/fourfold/dev/inmind sessions/inmind-session-7/turtlebot-navigation/install/custom_interfaces/local/lib/python3.10/dist-packages/custom_interfaces
[0.248s] -- Up-to-date: /home/fourfold/dev/inmind sessions/inmind-session-7/turtlebot-navigation/install/custom_interfaces/local/lib/python3.10/dist-packages/custom_interfaces/_custom_interfaces_s.ep.rosidl_typesupport_c.c
[0.248s] -- Up-to-date: /home/fourfold/dev/inmind sessions/inmind-session-7/turtlebot-navigation/install/custom_interfaces/local/lib/python3.10/dist-packages/custom_interfaces/custom_interfaces_s__rosidl_typesupport_c.cpython-310-x86_64-linux-gnu.so
[0.248s] -- Up-to-date: /home/fourfold/dev/inmind sessions/inmind-session-7/turtlebot-navigation/install/custom_interfaces/local/lib/python3.10/dist-packages/custom_interfaces/custom_interfaces_s__rosidl_typesupport_introspection_c.cpython-310-x86_64-linux-gnu.so
[0.248s] -- Up-to-date: /home/fourfold/dev/inmind sessions/inmind-session-7/turtlebot-navigation/install/custom_interfaces/local/lib/python3.10/dist-packages/custom_interfaces/_custom_interfaces_s.ep.rosidl_typesupport_fastrtps_c.c
[0.248s] -- Up-to-date: /home/fourfold/dev/inmind sessions/inmind-session-7/turtlebot-navigation/install/custom_interfaces/local/lib/python3.10/dist-packages/custom_interfaces/custom_interfaces_s__rosidl_typesupport_fastrtps_c.cpython-310-x86_64-linux-gnu.so
[0.248s] -- Up-to-date: /home/fourfold/dev/inmind sessions/inmind-session-7/turtlebot-navigation/install/custom_interfaces/local/lib/python3.10/dist-packages/custom_interfaces/libcustom_interfaces__rosidl_generator_py.so
[0.248s] -- Up-to-date: /home/fourfold/dev/inmind sessions/inmind-session-7/turtlebot-navigation/install/custom_interfaces/local/lib/python3.10/dist-packages/custom_interfaces/srv
[0.248s] -- Up-to-date: /home/fourfold/dev/inmind sessions/inmind-session-7/turtlebot-navigation/install/custom_interfaces/local/lib/python3.10/dist-packages/custom_interfaces/srv/_find_closest_wall_s.c
[0.248s] -- Up-to-date: /home/fourfold/dev/inmind sessions/inmind-session-7/turtlebot-navigation/install/custom_interfaces/local/lib/python3.10/dist-packages/custom_interfaces/srv/_find_closest_wall.py
[0.248s] -- Up-to-date: /home/fourfold/dev/inmind sessions/inmind-session-7/turtlebot-navigation/install/custom_interfaces/local/lib/python3.10/dist-packages/custom_interfaces/srv/__init__.py
[0.248s] -- Up-to-date: /home/fourfold/dev/inmind sessions/inmind-session-7/turtlebot-navigation/install/custom_interfaces/local/lib/python3.10/dist-packages/custom_interfaces/__init__.py
[0.248s] -- Up-to-date: /home/fourfold/dev/inmind sessions/inmind-session-7/turtlebot-navigation/install/custom_interfaces/local/lib/python3.10/dist-packages/custom_interfaces/_custom_interfaces_s.ep.rosidl_typesupport_introspection_c.c
[0.267s] Listing '/home/fourfold/dev/inmind sessions/inmind-session-7/turtlebot-navigation/install/custom_interfaces/local/lib/python3.10/dist-packages/custom_interfaces'...
[0.267s] Listing '/home/fourfold/dev/inmind sessions/inmind-session-7/turtlebot-navigation/install/custom_interfaces/local/lib/python3.10/dist-packages/custom_interfaces/srv'...
[0.270s] -- Up-to-date: /home/fourfold/dev/inmind sessions/inmind-session-7/turtlebot-navigation/install/custom_interfaces/local/lib/python3.10/dist-packages/custom_interfaces/custom_interfaces_s__rosidl_typesupport_fastrtps_c.cpython-310-x86_64-linux-gnu.so
[0.270s] -- Up-to-date: /home/fourfold/dev/inmind sessions/inmind-session-7/turtlebot-navigation/install/custom_interfaces/local/lib/python3.10/dist-packages/custom_interfaces/custom_interfaces_s__rosidl_typesupport_introspection_c.cpython-310-x86_64-linux-gnu.so
[0.270s] -- Up-to-date: /home/fourfold/dev/inmind sessions/inmind-session-7/turtlebot-navigation/install/custom_interfaces/local/lib/python3.10/dist-packages/custom_interfaces/custom_interfaces_s__rosidl_typesupport_c.cpython-310-x86_64-linux-gnu.so
[0.270s] -- Up-to-date: /home/fourfold/dev/inmind sessions/inmind-session-7/turtlebot-navigation/install/custom_interfaces/lib/libcustom_interfaces__rosidl_generator_py.so
[0.270s] -- Up-to-date: /home/fourfold/dev/inmind sessions/inmind-session-7/turtlebot-navigation/install/custom_interfaces/share/custom_interfaces/srv/FindClosestWall.idl
[0.270s] -- Up-to-date: /home/fourfold/dev/inmind sessions/inmind-session-7/turtlebot-navigation/install/custom_interfaces/share/custom_interfaces/srv/FindClosestWall.srv
[0.270s] -- Up-to-date: /home/fourfold/dev/inmind sessions/inmind-session-7/turtlebot-navigation/install/custom_interfaces/share/custom_interfaces/srv/FindClosestWall_Request.msg
[0.270s] -- Up-to-date: /home/fourfold/dev/inmind sessions/inmind-session-7/turtlebot-navigation/install/custom_interfaces/share/custom_interfaces/srv/FindClosestWall_Response.msg
[0.271s] -- Up-to-date: /home/fourfold/dev/inmind sessions/inmind-session-7/turtlebot-navigation/install/custom_interfaces/share/ament_index/resource_index/package_run_dependencies/custom_interfaces
[0.271s] -- Up-to-date: /home/fourfold/dev/inmind sessions/inmind-session-7/turtlebot-navigation/install/custom_interfaces/share/ament_index/resource_index/parent_prefix_path/custom_interfaces
[0.271s] -- Up-to-date: /home/fourfold/dev/inmind sessions/inmind-session-7/turtlebot-navigation/install/custom_interfaces/share/custom_interfaces/environment/ament_prefix_path.sh
[0.271s] -- Up-to-date: /home/fourfold/dev/inmind sessions/inmind-session-7/turtlebot-navigation/install/custom_interfaces/share/custom_interfaces/environment/ament_prefix_path.dsv
[0.271s] -- Up-to-date: /home/fourfold/dev/inmind sessions/inmind-session-7/turtlebot-navigation/install/custom_interfaces/share/custom_interfaces/environment/path.sh
[0.271s] -- Up-to-date: /home/fourfold/dev/inmind sessions/inmind-session-7/turtlebot-navigation/install/custom_interfaces/share/custom_interfaces/environment/path.dsv
[0.271s] -- Up-to-date: /home/fourfold/dev/inmind sessions/inmind-session-7/turtlebot-navigation/install/custom_interfaces/share/custom_interfaces/local_setup.bash
[0.271s] -- Up-to-date: /home/fourfold/dev/inmind sessions/inmind-session-7/turtlebot-navigation/install/custom_interfaces/share/custom_interfaces/local_setup.sh
[0.271s] -- Up-to-date: /home/fourfold/dev/inmind sessions/inmind-session-7/turtlebot-navigation/install/custom_interfaces/share/custom_interfaces/local_setup.zsh
[0.271s] -- Up-to-date: /home/fourfold/dev/inmind sessions/inmind-session-7/turtlebot-navigation/install/custom_interfaces/share/custom_interfaces/local_setup.dsv
[0.271s] -- Installing: /home/fourfold/dev/inmind sessions/inmind-session-7/turtlebot-navigation/install/custom_interfaces/share/custom_interfaces/package.dsv
[0.271s] -- Up-to-date: /home/fourfold/dev/inmind sessions/inmind-session-7/turtlebot-navigation/install/custom_interfaces/share/ament_index/resource_index/packages/custom_interfaces
[0.271s] -- Up-to-date: /home/fourfold/dev/inmind sessions/inmind-session-7/turtlebot-navigation/install/custom_interfaces/share/custom_interfaces/cmake/export_custom_interfaces__rosidl_generator_cExport.cmake
[0.271s] -- Up-to-date: /home/fourfold/dev/inmind sessions/inmind-session-7/turtlebot-navigation/install/custom_interfaces/share/custom_interfaces/cmake/export_custom_interfaces__rosidl_generator_cExport-noconfig.cmake
[0.271s] -- Up-to-date: /home/fourfold/dev/inmind sessions/inmind-session-7/turtlebot-navigation/install/custom_interfaces/share/custom_interfaces/cmake/export_custom_interfaces__rosidl_typesupport_fastrtps_cExport.cmake
[0.271s] -- Up-to-date: /home/fourfold/dev/inmind sessions/inmind-session-7/turtlebot-navigation/install/custom_interfaces/share/custom_interfaces/cmake/export_custom_interfaces__rosidl_typesupport_fastrtps_cExport-noconfig.cmake
[0.271s] -- Up-to-date: /home/fourfold/dev/inmind sessions/inmind-session-7/turtlebot-navigation/install/custom_interfaces/share/custom_interfaces/cmake/custom_interfaces__rosidl_typesupport_introspection_cExport.cmake
[0.271s] -- Up-to-date: /home/fourfold/dev/inmind sessions/inmind-session-7/turtlebot-navigation/install/custom_interfaces/share/custom_interfaces/cmake/custom_interfaces__rosidl_typesupport_introspection_cExport-noconfig.cmake
[0.271s] -- Up-to-date: /home/fourfold/dev/inmind sessions/inmind-session-7/turtlebot-navigation/install/custom_interfaces/share/custom_interfaces/cmake/custom_interfaces__rosidl_typesupport_cExport.cmake
[0.271s] -- Up-to-date: /home/fourfold/dev/inmind sessions/inmind-session-7/turtlebot-navigation/install/custom_interfaces/share/custom_interfaces/cmake/custom_interfaces__rosidl_typesupport_cExport-noconfig.cmake
[0.271s] -- Up-to-date: /home/fourfold/dev/inmind sessions/inmind-session-7/turtlebot-navigation/install/custom_interfaces/share/custom_interfaces/cmake/export_custom_interfaces__rosidl_generator_cppExport.cmake
[0.271s] -- Up-to-date: /home/fourfold/dev/inmind sessions/inmind-session-7/turtlebot-navigation/install/custom_interfaces/share/custom_interfaces/cmake/export_custom_interfaces__rosidl_typesupport_fastrtps_cppExport.cmake
[0.271s] -- Up-to-date: /home/fourfold/dev/inmind sessions/inmind-session-7/turtlebot-navigation/install/custom_interfaces/share/custom_interfaces/cmake/export_custom_interfaces__rosidl_typesupport_fastrtps_cppExport-noconfig.cmake
[0.271s] -- Up-to-date: /home/fourfold/dev/inmind sessions/inmind-session-7/turtlebot-navigation/install/custom_interfaces/share/custom_interfaces/cmake/custom_interfaces__rosidl_typesupport_introspection_cppExport.cmake
[0.271s] -- Up-to-date: /home/fourfold/dev/inmind sessions/inmind-session-7/turtlebot-navigation/install/custom_interfaces/share/custom_interfaces/cmake/custom_interfaces__rosidl_typesupport_introspection_cppExport-noconfig.cmake
[0.271s] -- Up-to-date: /home/fourfold/dev/inmind sessions/inmind-session-7/turtlebot-navigation/install/custom_interfaces/share/custom_interfaces/cmake/custom_interfaces__rosidl_typesupport_cppExport.cmake
[0.271s] -- Up-to-date: /home/fourfold/dev/inmind sessions/inmind-session-7/turtlebot-navigation/install/custom_interfaces/share/custom_interfaces/cmake/custom_interfaces__rosidl_typesupport_cppExport-noconfig.cmake
[0.271s] -- Up-to-date: /home/fourfold/dev/inmind sessions/inmind-session-7/turtlebot-navigation/install/custom_interfaces/share/custom_interfaces/cmake/export_custom_interfaces__rosidl_generator_pyExport.cmake
[0.271s] -- Up-to-date: /home/fourfold/dev/inmind sessions/inmind-session-7/turtlebot-navigation/install/custom_interfaces/share/custom_interfaces/cmake/export_custom_interfaces__rosidl_generator_pyExport-noconfig.cmake
[0.271s] -- Up-to-date: /home/fourfold/dev/inmind sessions/inmind-session-7/turtlebot-navigation/install/custom_interfaces/share/custom_interfaces/cmake/rosidl_cmake-extras.cmake
[0.271s] -- Up-to-date: /home/fourfold/dev/inmind sessions/inmind-session-7/turtlebot-navigation/install/custom_interfaces/share/custom_interfaces/cmake/ament_cmake_export_include_directories-extras.cmake
[0.271s] -- Up-to-date: /home/fourfold/dev/inmind sessions/inmind-session-7/turtlebot-navigation/install/custom_interfaces/share/custom_interfaces/cmake/ament_cmake_export_libraries-extras.cmake
[0.272s] -- Up-to-date: /home/fourfold/dev/inmind sessions/inmind-session-7/turtlebot-navigation/install/custom_interfaces/share/custom_interfaces/cmake/ament_cmake_export_targets-extras.cmake
[0.272s] -- Up-to-date: /home/fourfold/dev/inmind sessions/inmind-session-7/turtlebot-navigation/install/custom_interfaces/share/custom_interfaces/cmake/rosidl_cmake_export_typesupport_targets-extras.cmake
[0.272s] -- Up-to-date: /home/fourfold/dev/inmind sessions/inmind-session-7/turtlebot-navigation/install/custom_interfaces/share/custom_interfaces/cmake/ament_cmake_export_dependencies-extras.cmake
[0.272s] -- Up-to-date: /home/fourfold/dev/inmind sessions/inmind-session-7/turtlebot-navigation/install/custom_interfaces/share/custom_interfaces/cmake/rosidl_cmake_export_typesupport_libraries-extras.cmake
[0.272s] -- Up-to-date: /home/fourfold/dev/inmind sessions/inmind-session-7/turtlebot-navigation/install/custom_interfaces/share/custom_interfaces/cmake/custom_interfacesConfig.cmake
[0.272s] -- Up-to-date: /home/fourfold/dev/inmind sessions/inmind-session-7/turtlebot-navigation/install/custom_interfaces/share/custom_interfaces/cmake/custom_interfacesConfig-version.cmake
[0.272s] -- Up-to-date: /home/fourfold/dev/inmind sessions/inmind-session-7/turtlebot-navigation/install/custom_interfaces/share/custom_interfaces/package.xml
[0.272s] Invoked command in '/home/fourfold/dev/inmind sessions/inmind-session-7/turtlebot-navigation/build/custom_interfaces' returned '0': CMAKE_PREFIX_PATH=${CMAKE_PREFIX_PATH}:/home/fourfold/dev/inmind sessions/inmind-session-7/turtlebot-navigation/install/turtlebot_nav:/opt/ros/humble /usr/bin/cmake --install /home/fourfold/dev/inmind sessions/inmind-session-7/turtlebot-navigation/build/custom_interfaces
