[0.010s] Invoking command in '/home/fourfold/dev/inmind sessions/inmind-session-7/turtlebot-navigation/build/custom_interfaces': CMAKE_PREFIX_PATH=${CMAKE_PREFIX_PATH}:/home/fourfold/dev/inmind sessions/inmind-session-7/turtlebot-navigation/install/turtlebot_nav:/opt/ros/humble /usr/bin/cmake --build /home/fourfold/dev/inmind sessions/inmind-session-7/turtlebot-navigation/build/custom_interfaces -- -j16 -l16
[0.055s] [35m[1mConsolidate compiler generated dependencies of target custom_interfaces__rosidl_generator_c[0m
[0.060s] [  2%] Built target custom_interfaces__cpp
[0.063s] [ 12%] Built target custom_interfaces__rosidl_generator_c
[0.068s] [ 12%] Built target ament_cmake_python_copy_custom_interfaces
[0.069s] [35m[1mConsolidate compiler generated dependencies of target custom_interfaces__rosidl_typesupport_cpp[0m
[0.070s] [35m[1mConsolidate compiler generated dependencies of target custom_interfaces__rosidl_typesupport_introspection_cpp[0m
[0.070s] [35m[1mConsolidate compiler generated dependencies of target custom_interfaces__rosidl_typesupport_fastrtps_cpp[0m
[0.071s] [35m[1mConsolidate compiler generated dependencies of target custom_interfaces__rosidl_typesupport_introspection_c[0m
[0.073s] [35m[1mConsolidate compiler generated dependencies of target custom_interfaces__rosidl_typesupport_c[0m
[0.073s] [35m[1mConsolidate compiler generated dependencies of target custom_interfaces__rosidl_typesupport_fastrtps_c[0m
[0.078s] [ 23%] Built target custom_interfaces__rosidl_typesupport_introspection_c
[0.078s] [ 33%] Built target custom_interfaces__rosidl_typesupport_cpp
[0.079s] [ 43%] Built target custom_interfaces__rosidl_typesupport_introspection_cpp
[0.080s] [ 56%] Built target custom_interfaces__rosidl_typesupport_c
[0.081s] [ 64%] Built target custom_interfaces__rosidl_typesupport_fastrtps_cpp
[0.082s] [ 74%] Built target custom_interfaces__rosidl_typesupport_fastrtps_c
[0.094s] [ 74%] Built target custom_interfaces
[0.107s] [ 76%] Built target custom_interfaces__py
[0.115s] [35m[1mConsolidate compiler generated dependencies of target custom_interfaces__rosidl_generator_py[0m
[0.123s] [ 84%] Built target custom_interfaces__rosidl_generator_py
[0.131s] [35m[1mConsolidate compiler generated dependencies of target custom_interfaces__rosidl_typesupport_introspection_c__pyext[0m
[0.132s] [35m[1mConsolidate compiler generated dependencies of target custom_interfaces__rosidl_typesupport_fastrtps_c__pyext[0m
[0.132s] [35m[1mConsolidate compiler generated dependencies of target custom_interfaces__rosidl_typesupport_c__pyext[0m
[0.139s] [100%] Built target custom_interfaces__rosidl_typesupport_fastrtps_c__pyext
[0.139s] [100%] Built target custom_interfaces__rosidl_typesupport_introspection_c__pyext
[0.139s] [100%] Built target custom_interfaces__rosidl_typesupport_c__pyext
[0.201s] running egg_info
[0.201s] writing custom_interfaces.egg-info/PKG-INFO
[0.201s] writing dependency_links to custom_interfaces.egg-info/dependency_links.txt
[0.201s] writing top-level names to custom_interfaces.egg-info/top_level.txt
[0.203s] reading manifest file 'custom_interfaces.egg-info/SOURCES.txt'
[0.203s] writing manifest file 'custom_interfaces.egg-info/SOURCES.txt'
[0.219s] [100%] Built target ament_cmake_python_build_custom_interfaces_egg
[0.226s] Invoked command in '/home/fourfold/dev/inmind sessions/inmind-session-7/turtlebot-navigation/build/custom_interfaces' returned '0': CMAKE_PREFIX_PATH=${CMAKE_PREFIX_PATH}:/home/fourfold/dev/inmind sessions/inmind-session-7/turtlebot-navigation/install/turtlebot_nav:/opt/ros/humble /usr/bin/cmake --build /home/fourfold/dev/inmind sessions/inmind-session-7/turtlebot-navigation/build/custom_interfaces -- -j16 -l16
[0.275s] Invoking command in '/home/fourfold/dev/inmind sessions/inmind-session-7/turtlebot-navigation/build/custom_interfaces': CMAKE_PREFIX_PATH=${CMAKE_PREFIX_PATH}:/home/fourfold/dev/inmind sessions/inmind-session-7/turtlebot-navigation/install/turtlebot_nav:/opt/ros/humble /usr/bin/cmake --install /home/fourfold/dev/inmind sessions/inmind-session-7/turtlebot-navigation/build/custom_interfaces
[0.280s] -- Install configuration: ""
[0.280s] -- Up-to-date: /home/fourfold/dev/inmind sessions/inmind-session-7/turtlebot-navigation/install/custom_interfaces/share/ament_index/resource_index/rosidl_interfaces/custom_interfaces
[0.280s] -- Up-to-date: /home/fourfold/dev/inmind sessions/inmind-session-7/turtlebot-navigation/install/custom_interfaces/include/custom_interfaces/custom_interfaces
[0.281s] -- Up-to-date: /home/fourfold/dev/inmind sessions/inmind-session-7/turtlebot-navigation/install/custom_interfaces/include/custom_interfaces/custom_interfaces/msg
[0.281s] -- Up-to-date: /home/fourfold/dev/inmind sessions/inmind-session-7/turtlebot-navigation/install/custom_interfaces/include/custom_interfaces/custom_interfaces/msg/rosidl_generator_c__visibility_control.h
[0.281s] -- Up-to-date: /home/fourfold/dev/inmind sessions/inmind-session-7/turtlebot-navigation/install/custom_interfaces/include/custom_interfaces/custom_interfaces/action
[0.281s] -- Up-to-date: /home/fourfold/dev/inmind sessions/inmind-session-7/turtlebot-navigation/install/custom_interfaces/include/custom_interfaces/custom_interfaces/action/measure_lap_time.h
[0.281s] -- Up-to-date: /home/fourfold/dev/inmind sessions/inmind-session-7/turtlebot-navigation/install/custom_interfaces/include/custom_interfaces/custom_interfaces/action/detail
[0.281s] -- Up-to-date: /home/fourfold/dev/inmind sessions/inmind-session-7/turtlebot-navigation/install/custom_interfaces/include/custom_interfaces/custom_interfaces/action/detail/measure_lap_time__struct.h
[0.281s] -- Up-to-date: /home/fourfold/dev/inmind sessions/inmind-session-7/turtlebot-navigation/install/custom_interfaces/include/custom_interfaces/custom_interfaces/action/detail/measure_lap_time__functions.c
[0.281s] -- Up-to-date: /home/fourfold/dev/inmind sessions/inmind-session-7/turtlebot-navigation/install/custom_interfaces/include/custom_interfaces/custom_interfaces/action/detail/measure_lap_time__functions.h
[0.281s] -- Up-to-date: /home/fourfold/dev/inmind sessions/inmind-session-7/turtlebot-navigation/install/custom_interfaces/include/custom_interfaces/custom_interfaces/action/detail/measure_lap_time__type_support.h
[0.281s] -- Up-to-date: /home/fourfold/dev/inmind sessions/inmind-session-7/turtlebot-navigation/install/custom_interfaces/include/custom_interfaces/custom_interfaces/srv
[0.281s] -- Up-to-date: /home/fourfold/dev/inmind sessions/inmind-session-7/turtlebot-navigation/install/custom_interfaces/include/custom_interfaces/custom_interfaces/srv/detail
[0.281s] -- Up-to-date: /home/fourfold/dev/inmind sessions/inmind-session-7/turtlebot-navigation/install/custom_interfaces/include/custom_interfaces/custom_interfaces/srv/detail/find_closest_wall__struct.h
[0.281s] -- Up-to-date: /home/fourfold/dev/inmind sessions/inmind-session-7/turtlebot-navigation/install/custom_interfaces/include/custom_interfaces/custom_interfaces/srv/detail/find_closest_wall__functions.h
[0.282s] -- Up-to-date: /home/fourfold/dev/inmind sessions/inmind-session-7/turtlebot-navigation/install/custom_interfaces/include/custom_interfaces/custom_interfaces/srv/detail/find_closest_wall__functions.c
[0.282s] -- Up-to-date: /home/fourfold/dev/inmind sessions/inmind-session-7/turtlebot-navigation/install/custom_interfaces/include/custom_interfaces/custom_interfaces/srv/detail/find_closest_wall__type_support.h
[0.282s] -- Up-to-date: /home/fourfold/dev/inmind sessions/inmind-session-7/turtlebot-navigation/install/custom_interfaces/include/custom_interfaces/custom_interfaces/srv/find_closest_wall.h
[0.282s] -- Up-to-date: /home/fourfold/dev/inmind sessions/inmind-session-7/turtlebot-navigation/install/custom_interfaces/share/custom_interfaces/environment/library_path.sh
[0.282s] -- Up-to-date: /home/fourfold/dev/inmind sessions/inmind-session-7/turtlebot-navigation/install/custom_interfaces/share/custom_interfaces/environment/library_path.dsv
[0.282s] -- Up-to-date: /home/fourfold/dev/inmind sessions/inmind-session-7/turtlebot-navigation/install/custom_interfaces/lib/libcustom_interfaces__rosidl_generator_c.so
[0.282s] -- Up-to-date: /home/fourfold/dev/inmind sessions/inmind-session-7/turtlebot-navigation/install/custom_interfaces/include/custom_interfaces/custom_interfaces
[0.282s] -- Up-to-date: /home/fourfold/dev/inmind sessions/inmind-session-7/turtlebot-navigation/install/custom_interfaces/include/custom_interfaces/custom_interfaces/msg
[0.282s] -- Up-to-date: /home/fourfold/dev/inmind sessions/inmind-session-7/turtlebot-navigation/install/custom_interfaces/include/custom_interfaces/custom_interfaces/msg/rosidl_typesupport_fastrtps_c__visibility_control.h
[0.282s] -- Up-to-date: /home/fourfold/dev/inmind sessions/inmind-session-7/turtlebot-navigation/install/custom_interfaces/include/custom_interfaces/custom_interfaces/action
[0.282s] -- Up-to-date: /home/fourfold/dev/inmind sessions/inmind-session-7/turtlebot-navigation/install/custom_interfaces/include/custom_interfaces/custom_interfaces/action/detail
[0.282s] -- Up-to-date: /home/fourfold/dev/inmind sessions/inmind-session-7/turtlebot-navigation/install/custom_interfaces/include/custom_interfaces/custom_interfaces/action/detail/measure_lap_time__rosidl_typesupport_fastrtps_c.h
[0.282s] -- Up-to-date: /home/fourfold/dev/inmind sessions/inmind-session-7/turtlebot-navigation/install/custom_interfaces/include/custom_interfaces/custom_interfaces/srv
[0.282s] -- Up-to-date: /home/fourfold/dev/inmind sessions/inmind-session-7/turtlebot-navigation/install/custom_interfaces/include/custom_interfaces/custom_interfaces/srv/detail
[0.282s] -- Up-to-date: /home/fourfold/dev/inmind sessions/inmind-session-7/turtlebot-navigation/install/custom_interfaces/include/custom_interfaces/custom_interfaces/srv/detail/find_closest_wall__rosidl_typesupport_fastrtps_c.h
[0.282s] -- Up-to-date: /home/fourfold/dev/inmind sessions/inmind-session-7/turtlebot-navigation/install/custom_interfaces/lib/libcustom_interfaces__rosidl_typesupport_fastrtps_c.so
[0.282s] -- Up-to-date: /home/fourfold/dev/inmind sessions/inmind-session-7/turtlebot-navigation/install/custom_interfaces/include/custom_interfaces/custom_interfaces
[0.282s] -- Up-to-date: /home/fourfold/dev/inmind sessions/inmind-session-7/turtlebot-navigation/install/custom_interfaces/include/custom_interfaces/custom_interfaces/msg
[0.282s] -- Up-to-date: /home/fourfold/dev/inmind sessions/inmind-session-7/turtlebot-navigation/install/custom_interfaces/include/custom_interfaces/custom_interfaces/msg/rosidl_typesupport_introspection_c__visibility_control.h
[0.282s] -- Up-to-date: /home/fourfold/dev/inmind sessions/inmind-session-7/turtlebot-navigation/install/custom_interfaces/include/custom_interfaces/custom_interfaces/action
[0.282s] -- Up-to-date: /home/fourfold/dev/inmind sessions/inmind-session-7/turtlebot-navigation/install/custom_interfaces/include/custom_interfaces/custom_interfaces/action/detail
[0.282s] -- Up-to-date: /home/fourfold/dev/inmind sessions/inmind-session-7/turtlebot-navigation/install/custom_interfaces/include/custom_interfaces/custom_interfaces/action/detail/measure_lap_time__rosidl_typesupport_introspection_c.h
[0.282s] -- Up-to-date: /home/fourfold/dev/inmind sessions/inmind-session-7/turtlebot-navigation/install/custom_interfaces/include/custom_interfaces/custom_interfaces/action/detail/measure_lap_time__type_support.c
[0.282s] -- Up-to-date: /home/fourfold/dev/inmind sessions/inmind-session-7/turtlebot-navigation/install/custom_interfaces/include/custom_interfaces/custom_interfaces/srv
[0.283s] -- Up-to-date: /home/fourfold/dev/inmind sessions/inmind-session-7/turtlebot-navigation/install/custom_interfaces/include/custom_interfaces/custom_interfaces/srv/detail
[0.283s] -- Up-to-date: /home/fourfold/dev/inmind sessions/inmind-session-7/turtlebot-navigation/install/custom_interfaces/include/custom_interfaces/custom_interfaces/srv/detail/find_closest_wall__type_support.c
[0.283s] -- Up-to-date: /home/fourfold/dev/inmind sessions/inmind-session-7/turtlebot-navigation/install/custom_interfaces/include/custom_interfaces/custom_interfaces/srv/detail/find_closest_wall__rosidl_typesupport_introspection_c.h
[0.283s] -- Up-to-date: /home/fourfold/dev/inmind sessions/inmind-session-7/turtlebot-navigation/install/custom_interfaces/lib/libcustom_interfaces__rosidl_typesupport_introspection_c.so
[0.283s] -- Up-to-date: /home/fourfold/dev/inmind sessions/inmind-session-7/turtlebot-navigation/install/custom_interfaces/lib/libcustom_interfaces__rosidl_typesupport_c.so
[0.283s] -- Up-to-date: /home/fourfold/dev/inmind sessions/inmind-session-7/turtlebot-navigation/install/custom_interfaces/include/custom_interfaces/custom_interfaces
[0.283s] -- Up-to-date: /home/fourfold/dev/inmind sessions/inmind-session-7/turtlebot-navigation/install/custom_interfaces/include/custom_interfaces/custom_interfaces/action
[0.283s] -- Up-to-date: /home/fourfold/dev/inmind sessions/inmind-session-7/turtlebot-navigation/install/custom_interfaces/include/custom_interfaces/custom_interfaces/action/detail
[0.283s] -- Up-to-date: /home/fourfold/dev/inmind sessions/inmind-session-7/turtlebot-navigation/install/custom_interfaces/include/custom_interfaces/custom_interfaces/action/detail/measure_lap_time__builder.hpp
[0.283s] -- Up-to-date: /home/fourfold/dev/inmind sessions/inmind-session-7/turtlebot-navigation/install/custom_interfaces/include/custom_interfaces/custom_interfaces/action/detail/measure_lap_time__struct.hpp
[0.283s] -- Up-to-date: /home/fourfold/dev/inmind sessions/inmind-session-7/turtlebot-navigation/install/custom_interfaces/include/custom_interfaces/custom_interfaces/action/detail/measure_lap_time__traits.hpp
[0.283s] -- Up-to-date: /home/fourfold/dev/inmind sessions/inmind-session-7/turtlebot-navigation/install/custom_interfaces/include/custom_interfaces/custom_interfaces/action/measure_lap_time.hpp
[0.283s] -- Up-to-date: /home/fourfold/dev/inmind sessions/inmind-session-7/turtlebot-navigation/install/custom_interfaces/include/custom_interfaces/custom_interfaces/srv
[0.283s] -- Up-to-date: /home/fourfold/dev/inmind sessions/inmind-session-7/turtlebot-navigation/install/custom_interfaces/include/custom_interfaces/custom_interfaces/srv/find_closest_wall.hpp
[0.283s] -- Up-to-date: /home/fourfold/dev/inmind sessions/inmind-session-7/turtlebot-navigation/install/custom_interfaces/include/custom_interfaces/custom_interfaces/srv/detail
[0.283s] -- Up-to-date: /home/fourfold/dev/inmind sessions/inmind-session-7/turtlebot-navigation/install/custom_interfaces/include/custom_interfaces/custom_interfaces/srv/detail/find_closest_wall__struct.hpp
[0.283s] -- Up-to-date: /home/fourfold/dev/inmind sessions/inmind-session-7/turtlebot-navigation/install/custom_interfaces/include/custom_interfaces/custom_interfaces/srv/detail/find_closest_wall__builder.hpp
[0.283s] -- Up-to-date: /home/fourfold/dev/inmind sessions/inmind-session-7/turtlebot-navigation/install/custom_interfaces/include/custom_interfaces/custom_interfaces/srv/detail/find_closest_wall__traits.hpp
[0.283s] -- Up-to-date: /home/fourfold/dev/inmind sessions/inmind-session-7/turtlebot-navigation/install/custom_interfaces/include/custom_interfaces/custom_interfaces
[0.283s] -- Up-to-date: /home/fourfold/dev/inmind sessions/inmind-session-7/turtlebot-navigation/install/custom_interfaces/include/custom_interfaces/custom_interfaces/msg
[0.283s] -- Up-to-date: /home/fourfold/dev/inmind sessions/inmind-session-7/turtlebot-navigation/install/custom_interfaces/include/custom_interfaces/custom_interfaces/msg/rosidl_typesupport_fastrtps_cpp__visibility_control.h
[0.283s] -- Up-to-date: /home/fourfold/dev/inmind sessions/inmind-session-7/turtlebot-navigation/install/custom_interfaces/include/custom_interfaces/custom_interfaces/action
[0.283s] -- Up-to-date: /home/fourfold/dev/inmind sessions/inmind-session-7/turtlebot-navigation/install/custom_interfaces/include/custom_interfaces/custom_interfaces/action/detail
[0.283s] -- Up-to-date: /home/fourfold/dev/inmind sessions/inmind-session-7/turtlebot-navigation/install/custom_interfaces/include/custom_interfaces/custom_interfaces/action/detail/dds_fastrtps
[0.283s] -- Up-to-date: /home/fourfold/dev/inmind sessions/inmind-session-7/turtlebot-navigation/install/custom_interfaces/include/custom_interfaces/custom_interfaces/action/detail/measure_lap_time__rosidl_typesupport_fastrtps_cpp.hpp
[0.283s] -- Up-to-date: /home/fourfold/dev/inmind sessions/inmind-session-7/turtlebot-navigation/install/custom_interfaces/include/custom_interfaces/custom_interfaces/srv
[0.283s] -- Up-to-date: /home/fourfold/dev/inmind sessions/inmind-session-7/turtlebot-navigation/install/custom_interfaces/include/custom_interfaces/custom_interfaces/srv/detail
[0.283s] -- Up-to-date: /home/fourfold/dev/inmind sessions/inmind-session-7/turtlebot-navigation/install/custom_interfaces/include/custom_interfaces/custom_interfaces/srv/detail/find_closest_wall__rosidl_typesupport_fastrtps_cpp.hpp
[0.284s] -- Up-to-date: /home/fourfold/dev/inmind sessions/inmind-session-7/turtlebot-navigation/install/custom_interfaces/include/custom_interfaces/custom_interfaces/srv/detail/dds_fastrtps
[0.284s] -- Up-to-date: /home/fourfold/dev/inmind sessions/inmind-session-7/turtlebot-navigation/install/custom_interfaces/lib/libcustom_interfaces__rosidl_typesupport_fastrtps_cpp.so
[0.284s] -- Up-to-date: /home/fourfold/dev/inmind sessions/inmind-session-7/turtlebot-navigation/install/custom_interfaces/include/custom_interfaces/custom_interfaces
[0.284s] -- Up-to-date: /home/fourfold/dev/inmind sessions/inmind-session-7/turtlebot-navigation/install/custom_interfaces/include/custom_interfaces/custom_interfaces/action
[0.284s] -- Up-to-date: /home/fourfold/dev/inmind sessions/inmind-session-7/turtlebot-navigation/install/custom_interfaces/include/custom_interfaces/custom_interfaces/action/detail
[0.284s] -- Up-to-date: /home/fourfold/dev/inmind sessions/inmind-session-7/turtlebot-navigation/install/custom_interfaces/include/custom_interfaces/custom_interfaces/action/detail/measure_lap_time__rosidl_typesupport_introspection_cpp.hpp
[0.284s] -- Up-to-date: /home/fourfold/dev/inmind sessions/inmind-session-7/turtlebot-navigation/install/custom_interfaces/include/custom_interfaces/custom_interfaces/action/detail/measure_lap_time__type_support.cpp
[0.284s] -- Up-to-date: /home/fourfold/dev/inmind sessions/inmind-session-7/turtlebot-navigation/install/custom_interfaces/include/custom_interfaces/custom_interfaces/srv
[0.284s] -- Up-to-date: /home/fourfold/dev/inmind sessions/inmind-session-7/turtlebot-navigation/install/custom_interfaces/include/custom_interfaces/custom_interfaces/srv/detail
[0.284s] -- Up-to-date: /home/fourfold/dev/inmind sessions/inmind-session-7/turtlebot-navigation/install/custom_interfaces/include/custom_interfaces/custom_interfaces/srv/detail/find_closest_wall__rosidl_typesupport_introspection_cpp.hpp
[0.284s] -- Up-to-date: /home/fourfold/dev/inmind sessions/inmind-session-7/turtlebot-navigation/install/custom_interfaces/include/custom_interfaces/custom_interfaces/srv/detail/find_closest_wall__type_support.cpp
[0.284s] -- Up-to-date: /home/fourfold/dev/inmind sessions/inmind-session-7/turtlebot-navigation/install/custom_interfaces/lib/libcustom_interfaces__rosidl_typesupport_introspection_cpp.so
[0.284s] -- Up-to-date: /home/fourfold/dev/inmind sessions/inmind-session-7/turtlebot-navigation/install/custom_interfaces/lib/libcustom_interfaces__rosidl_typesupport_cpp.so
[0.284s] -- Up-to-date: /home/fourfold/dev/inmind sessions/inmind-session-7/turtlebot-navigation/install/custom_interfaces/share/custom_interfaces/environment/pythonpath.sh
[0.284s] -- Up-to-date: /home/fourfold/dev/inmind sessions/inmind-session-7/turtlebot-navigation/install/custom_interfaces/share/custom_interfaces/environment/pythonpath.dsv
[0.284s] -- Up-to-date: /home/fourfold/dev/inmind sessions/inmind-session-7/turtlebot-navigation/install/custom_interfaces/local/lib/python3.10/dist-packages/custom_interfaces-0.0.0-py3.10.egg-info
[0.284s] -- Installing: /home/fourfold/dev/inmind sessions/inmind-session-7/turtlebot-navigation/install/custom_interfaces/local/lib/python3.10/dist-packages/custom_interfaces-0.0.0-py3.10.egg-info/SOURCES.txt
[0.284s] -- Installing: /home/fourfold/dev/inmind sessions/inmind-session-7/turtlebot-navigation/install/custom_interfaces/local/lib/python3.10/dist-packages/custom_interfaces-0.0.0-py3.10.egg-info/top_level.txt
[0.284s] -- Installing: /home/fourfold/dev/inmind sessions/inmind-session-7/turtlebot-navigation/install/custom_interfaces/local/lib/python3.10/dist-packages/custom_interfaces-0.0.0-py3.10.egg-info/PKG-INFO
[0.284s] -- Installing: /home/fourfold/dev/inmind sessions/inmind-session-7/turtlebot-navigation/install/custom_interfaces/local/lib/python3.10/dist-packages/custom_interfaces-0.0.0-py3.10.egg-info/dependency_links.txt
[0.284s] -- Up-to-date: /home/fourfold/dev/inmind sessions/inmind-session-7/turtlebot-navigation/install/custom_interfaces/local/lib/python3.10/dist-packages/custom_interfaces
[0.284s] -- Up-to-date: /home/fourfold/dev/inmind sessions/inmind-session-7/turtlebot-navigation/install/custom_interfaces/local/lib/python3.10/dist-packages/custom_interfaces/_custom_interfaces_s.ep.rosidl_typesupport_c.c
[0.285s] -- Up-to-date: /home/fourfold/dev/inmind sessions/inmind-session-7/turtlebot-navigation/install/custom_interfaces/local/lib/python3.10/dist-packages/custom_interfaces/custom_interfaces_s__rosidl_typesupport_c.cpython-310-x86_64-linux-gnu.so
[0.285s] -- Up-to-date: /home/fourfold/dev/inmind sessions/inmind-session-7/turtlebot-navigation/install/custom_interfaces/local/lib/python3.10/dist-packages/custom_interfaces/custom_interfaces_s__rosidl_typesupport_introspection_c.cpython-310-x86_64-linux-gnu.so
[0.285s] -- Up-to-date: /home/fourfold/dev/inmind sessions/inmind-session-7/turtlebot-navigation/install/custom_interfaces/local/lib/python3.10/dist-packages/custom_interfaces/_custom_interfaces_s.ep.rosidl_typesupport_fastrtps_c.c
[0.285s] -- Up-to-date: /home/fourfold/dev/inmind sessions/inmind-session-7/turtlebot-navigation/install/custom_interfaces/local/lib/python3.10/dist-packages/custom_interfaces/custom_interfaces_s__rosidl_typesupport_fastrtps_c.cpython-310-x86_64-linux-gnu.so
[0.285s] -- Up-to-date: /home/fourfold/dev/inmind sessions/inmind-session-7/turtlebot-navigation/install/custom_interfaces/local/lib/python3.10/dist-packages/custom_interfaces/action
[0.285s] -- Up-to-date: /home/fourfold/dev/inmind sessions/inmind-session-7/turtlebot-navigation/install/custom_interfaces/local/lib/python3.10/dist-packages/custom_interfaces/action/_measure_lap_time_s.c
[0.285s] -- Up-to-date: /home/fourfold/dev/inmind sessions/inmind-session-7/turtlebot-navigation/install/custom_interfaces/local/lib/python3.10/dist-packages/custom_interfaces/action/_measure_lap_time.py
[0.285s] -- Up-to-date: /home/fourfold/dev/inmind sessions/inmind-session-7/turtlebot-navigation/install/custom_interfaces/local/lib/python3.10/dist-packages/custom_interfaces/action/__init__.py
[0.285s] -- Up-to-date: /home/fourfold/dev/inmind sessions/inmind-session-7/turtlebot-navigation/install/custom_interfaces/local/lib/python3.10/dist-packages/custom_interfaces/libcustom_interfaces__rosidl_generator_py.so
[0.285s] -- Up-to-date: /home/fourfold/dev/inmind sessions/inmind-session-7/turtlebot-navigation/install/custom_interfaces/local/lib/python3.10/dist-packages/custom_interfaces/srv
[0.285s] -- Up-to-date: /home/fourfold/dev/inmind sessions/inmind-session-7/turtlebot-navigation/install/custom_interfaces/local/lib/python3.10/dist-packages/custom_interfaces/srv/_find_closest_wall_s.c
[0.285s] -- Up-to-date: /home/fourfold/dev/inmind sessions/inmind-session-7/turtlebot-navigation/install/custom_interfaces/local/lib/python3.10/dist-packages/custom_interfaces/srv/_find_closest_wall.py
[0.285s] -- Up-to-date: /home/fourfold/dev/inmind sessions/inmind-session-7/turtlebot-navigation/install/custom_interfaces/local/lib/python3.10/dist-packages/custom_interfaces/srv/__init__.py
[0.285s] -- Up-to-date: /home/fourfold/dev/inmind sessions/inmind-session-7/turtlebot-navigation/install/custom_interfaces/local/lib/python3.10/dist-packages/custom_interfaces/__init__.py
[0.285s] -- Up-to-date: /home/fourfold/dev/inmind sessions/inmind-session-7/turtlebot-navigation/install/custom_interfaces/local/lib/python3.10/dist-packages/custom_interfaces/_custom_interfaces_s.ep.rosidl_typesupport_introspection_c.c
[0.304s] Listing '/home/fourfold/dev/inmind sessions/inmind-session-7/turtlebot-navigation/install/custom_interfaces/local/lib/python3.10/dist-packages/custom_interfaces'...
[0.305s] Listing '/home/fourfold/dev/inmind sessions/inmind-session-7/turtlebot-navigation/install/custom_interfaces/local/lib/python3.10/dist-packages/custom_interfaces/action'...
[0.305s] Listing '/home/fourfold/dev/inmind sessions/inmind-session-7/turtlebot-navigation/install/custom_interfaces/local/lib/python3.10/dist-packages/custom_interfaces/srv'...
[0.307s] -- Up-to-date: /home/fourfold/dev/inmind sessions/inmind-session-7/turtlebot-navigation/install/custom_interfaces/local/lib/python3.10/dist-packages/custom_interfaces/custom_interfaces_s__rosidl_typesupport_fastrtps_c.cpython-310-x86_64-linux-gnu.so
[0.308s] -- Up-to-date: /home/fourfold/dev/inmind sessions/inmind-session-7/turtlebot-navigation/install/custom_interfaces/local/lib/python3.10/dist-packages/custom_interfaces/custom_interfaces_s__rosidl_typesupport_introspection_c.cpython-310-x86_64-linux-gnu.so
[0.308s] -- Up-to-date: /home/fourfold/dev/inmind sessions/inmind-session-7/turtlebot-navigation/install/custom_interfaces/local/lib/python3.10/dist-packages/custom_interfaces/custom_interfaces_s__rosidl_typesupport_c.cpython-310-x86_64-linux-gnu.so
[0.308s] -- Up-to-date: /home/fourfold/dev/inmind sessions/inmind-session-7/turtlebot-navigation/install/custom_interfaces/lib/libcustom_interfaces__rosidl_generator_py.so
[0.308s] -- Up-to-date: /home/fourfold/dev/inmind sessions/inmind-session-7/turtlebot-navigation/install/custom_interfaces/share/custom_interfaces/srv/FindClosestWall.idl
[0.308s] -- Up-to-date: /home/fourfold/dev/inmind sessions/inmind-session-7/turtlebot-navigation/install/custom_interfaces/share/custom_interfaces/action/MeasureLapTime.idl
[0.308s] -- Up-to-date: /home/fourfold/dev/inmind sessions/inmind-session-7/turtlebot-navigation/install/custom_interfaces/share/custom_interfaces/srv/FindClosestWall.srv
[0.309s] -- Up-to-date: /home/fourfold/dev/inmind sessions/inmind-session-7/turtlebot-navigation/install/custom_interfaces/share/custom_interfaces/srv/FindClosestWall_Request.msg
[0.309s] -- Up-to-date: /home/fourfold/dev/inmind sessions/inmind-session-7/turtlebot-navigation/install/custom_interfaces/share/custom_interfaces/srv/FindClosestWall_Response.msg
[0.309s] -- Up-to-date: /home/fourfold/dev/inmind sessions/inmind-session-7/turtlebot-navigation/install/custom_interfaces/share/custom_interfaces/action/MeasureLapTime.action
[0.309s] -- Up-to-date: /home/fourfold/dev/inmind sessions/inmind-session-7/turtlebot-navigation/install/custom_interfaces/share/ament_index/resource_index/package_run_dependencies/custom_interfaces
[0.309s] -- Up-to-date: /home/fourfold/dev/inmind sessions/inmind-session-7/turtlebot-navigation/install/custom_interfaces/share/ament_index/resource_index/parent_prefix_path/custom_interfaces
[0.309s] -- Up-to-date: /home/fourfold/dev/inmind sessions/inmind-session-7/turtlebot-navigation/install/custom_interfaces/share/custom_interfaces/environment/ament_prefix_path.sh
[0.309s] -- Up-to-date: /home/fourfold/dev/inmind sessions/inmind-session-7/turtlebot-navigation/install/custom_interfaces/share/custom_interfaces/environment/ament_prefix_path.dsv
[0.309s] -- Up-to-date: /home/fourfold/dev/inmind sessions/inmind-session-7/turtlebot-navigation/install/custom_interfaces/share/custom_interfaces/environment/path.sh
[0.309s] -- Up-to-date: /home/fourfold/dev/inmind sessions/inmind-session-7/turtlebot-navigation/install/custom_interfaces/share/custom_interfaces/environment/path.dsv
[0.309s] -- Up-to-date: /home/fourfold/dev/inmind sessions/inmind-session-7/turtlebot-navigation/install/custom_interfaces/share/custom_interfaces/local_setup.bash
[0.309s] -- Up-to-date: /home/fourfold/dev/inmind sessions/inmind-session-7/turtlebot-navigation/install/custom_interfaces/share/custom_interfaces/local_setup.sh
[0.309s] -- Up-to-date: /home/fourfold/dev/inmind sessions/inmind-session-7/turtlebot-navigation/install/custom_interfaces/share/custom_interfaces/local_setup.zsh
[0.309s] -- Up-to-date: /home/fourfold/dev/inmind sessions/inmind-session-7/turtlebot-navigation/install/custom_interfaces/share/custom_interfaces/local_setup.dsv
[0.309s] -- Installing: /home/fourfold/dev/inmind sessions/inmind-session-7/turtlebot-navigation/install/custom_interfaces/share/custom_interfaces/package.dsv
[0.309s] -- Up-to-date: /home/fourfold/dev/inmind sessions/inmind-session-7/turtlebot-navigation/install/custom_interfaces/share/ament_index/resource_index/packages/custom_interfaces
[0.310s] -- Up-to-date: /home/fourfold/dev/inmind sessions/inmind-session-7/turtlebot-navigation/install/custom_interfaces/share/custom_interfaces/cmake/export_custom_interfaces__rosidl_generator_cExport.cmake
[0.310s] -- Up-to-date: /home/fourfold/dev/inmind sessions/inmind-session-7/turtlebot-navigation/install/custom_interfaces/share/custom_interfaces/cmake/export_custom_interfaces__rosidl_generator_cExport-noconfig.cmake
[0.310s] -- Up-to-date: /home/fourfold/dev/inmind sessions/inmind-session-7/turtlebot-navigation/install/custom_interfaces/share/custom_interfaces/cmake/export_custom_interfaces__rosidl_typesupport_fastrtps_cExport.cmake
[0.310s] -- Up-to-date: /home/fourfold/dev/inmind sessions/inmind-session-7/turtlebot-navigation/install/custom_interfaces/share/custom_interfaces/cmake/export_custom_interfaces__rosidl_typesupport_fastrtps_cExport-noconfig.cmake
[0.310s] -- Up-to-date: /home/fourfold/dev/inmind sessions/inmind-session-7/turtlebot-navigation/install/custom_interfaces/share/custom_interfaces/cmake/custom_interfaces__rosidl_typesupport_introspection_cExport.cmake
[0.310s] -- Up-to-date: /home/fourfold/dev/inmind sessions/inmind-session-7/turtlebot-navigation/install/custom_interfaces/share/custom_interfaces/cmake/custom_interfaces__rosidl_typesupport_introspection_cExport-noconfig.cmake
[0.310s] -- Up-to-date: /home/fourfold/dev/inmind sessions/inmind-session-7/turtlebot-navigation/install/custom_interfaces/share/custom_interfaces/cmake/custom_interfaces__rosidl_typesupport_cExport.cmake
[0.310s] -- Up-to-date: /home/fourfold/dev/inmind sessions/inmind-session-7/turtlebot-navigation/install/custom_interfaces/share/custom_interfaces/cmake/custom_interfaces__rosidl_typesupport_cExport-noconfig.cmake
[0.310s] -- Up-to-date: /home/fourfold/dev/inmind sessions/inmind-session-7/turtlebot-navigation/install/custom_interfaces/share/custom_interfaces/cmake/export_custom_interfaces__rosidl_generator_cppExport.cmake
[0.311s] -- Up-to-date: /home/fourfold/dev/inmind sessions/inmind-session-7/turtlebot-navigation/install/custom_interfaces/share/custom_interfaces/cmake/export_custom_interfaces__rosidl_typesupport_fastrtps_cppExport.cmake
[0.311s] -- Up-to-date: /home/fourfold/dev/inmind sessions/inmind-session-7/turtlebot-navigation/install/custom_interfaces/share/custom_interfaces/cmake/export_custom_interfaces__rosidl_typesupport_fastrtps_cppExport-noconfig.cmake
[0.311s] -- Up-to-date: /home/fourfold/dev/inmind sessions/inmind-session-7/turtlebot-navigation/install/custom_interfaces/share/custom_interfaces/cmake/custom_interfaces__rosidl_typesupport_introspection_cppExport.cmake
[0.311s] -- Up-to-date: /home/fourfold/dev/inmind sessions/inmind-session-7/turtlebot-navigation/install/custom_interfaces/share/custom_interfaces/cmake/custom_interfaces__rosidl_typesupport_introspection_cppExport-noconfig.cmake
[0.311s] -- Up-to-date: /home/fourfold/dev/inmind sessions/inmind-session-7/turtlebot-navigation/install/custom_interfaces/share/custom_interfaces/cmake/custom_interfaces__rosidl_typesupport_cppExport.cmake
[0.311s] -- Up-to-date: /home/fourfold/dev/inmind sessions/inmind-session-7/turtlebot-navigation/install/custom_interfaces/share/custom_interfaces/cmake/custom_interfaces__rosidl_typesupport_cppExport-noconfig.cmake
[0.311s] -- Up-to-date: /home/fourfold/dev/inmind sessions/inmind-session-7/turtlebot-navigation/install/custom_interfaces/share/custom_interfaces/cmake/export_custom_interfaces__rosidl_generator_pyExport.cmake
[0.311s] -- Up-to-date: /home/fourfold/dev/inmind sessions/inmind-session-7/turtlebot-navigation/install/custom_interfaces/share/custom_interfaces/cmake/export_custom_interfaces__rosidl_generator_pyExport-noconfig.cmake
[0.311s] -- Up-to-date: /home/fourfold/dev/inmind sessions/inmind-session-7/turtlebot-navigation/install/custom_interfaces/share/custom_interfaces/cmake/rosidl_cmake-extras.cmake
[0.311s] -- Up-to-date: /home/fourfold/dev/inmind sessions/inmind-session-7/turtlebot-navigation/install/custom_interfaces/share/custom_interfaces/cmake/ament_cmake_export_dependencies-extras.cmake
[0.311s] -- Up-to-date: /home/fourfold/dev/inmind sessions/inmind-session-7/turtlebot-navigation/install/custom_interfaces/share/custom_interfaces/cmake/ament_cmake_export_include_directories-extras.cmake
[0.311s] -- Up-to-date: /home/fourfold/dev/inmind sessions/inmind-session-7/turtlebot-navigation/install/custom_interfaces/share/custom_interfaces/cmake/ament_cmake_export_libraries-extras.cmake
[0.311s] -- Up-to-date: /home/fourfold/dev/inmind sessions/inmind-session-7/turtlebot-navigation/install/custom_interfaces/share/custom_interfaces/cmake/ament_cmake_export_targets-extras.cmake
[0.311s] -- Up-to-date: /home/fourfold/dev/inmind sessions/inmind-session-7/turtlebot-navigation/install/custom_interfaces/share/custom_interfaces/cmake/rosidl_cmake_export_typesupport_targets-extras.cmake
[0.311s] -- Up-to-date: /home/fourfold/dev/inmind sessions/inmind-session-7/turtlebot-navigation/install/custom_interfaces/share/custom_interfaces/cmake/rosidl_cmake_export_typesupport_libraries-extras.cmake
[0.311s] -- Up-to-date: /home/fourfold/dev/inmind sessions/inmind-session-7/turtlebot-navigation/install/custom_interfaces/share/custom_interfaces/cmake/custom_interfacesConfig.cmake
[0.312s] -- Up-to-date: /home/fourfold/dev/inmind sessions/inmind-session-7/turtlebot-navigation/install/custom_interfaces/share/custom_interfaces/cmake/custom_interfacesConfig-version.cmake
[0.312s] -- Up-to-date: /home/fourfold/dev/inmind sessions/inmind-session-7/turtlebot-navigation/install/custom_interfaces/share/custom_interfaces/package.xml
[0.313s] Invoked command in '/home/fourfold/dev/inmind sessions/inmind-session-7/turtlebot-navigation/build/custom_interfaces' returned '0': CMAKE_PREFIX_PATH=${CMAKE_PREFIX_PATH}:/home/fourfold/dev/inmind sessions/inmind-session-7/turtlebot-navigation/install/turtlebot_nav:/opt/ros/humble /usr/bin/cmake --install /home/fourfold/dev/inmind sessions/inmind-session-7/turtlebot-navigation/build/custom_interfaces
